Using pre-set license
Built from '2020.3/staging' branch; Version is '2020.3.9f1 (108be757e447) revision 1084391'; Using compiler version '192528614'; Build Type 'Release'
OS: 'Windows 10 Pro; OS build 19043.1526; Version 2009; 64bit' Language: 'es' Physical Memory: 8109 MB
BatchMode: 1, IsHumanControllingUs: 0, StartBugReporterOnCrash: 0, Is64bit: 1, IsPro: 0

 COMMAND LINE ARGUMENTS:
B:\unity\2020.3.9f1\Editor\Unity.exe
-adb2
-batchMode
-noUpm
-name
AssetImportWorker1
-projectPath
B:/proyectosUnity/Curso codeSpace/2DPlatformer
-logFile
Logs/AssetImportWorker1.log
-srvPort
54804
Successfully changed project path to: B:/proyectosUnity/Curso codeSpace/2DPlatformer
B:/proyectosUnity/Curso codeSpace/2DPlatformer
Using Asset Import Pipeline V2.
Refreshing native plugins compatible for Editor in 57.38 ms, found 1 plugins.
Preloading 0 native plugins for Editor in 0.00 ms.
Initialize engine version: 2020.3.9f1 (108be757e447)
[Subsystems] Discovering subsystems at path B:/unity/2020.3.9f1/Editor/Data/Resources/UnitySubsystems
[Subsystems] Discovering subsystems at path B:/proyectosUnity/Curso codeSpace/2DPlatformer/Assets
GfxDevice: creating device client; threaded=0
Direct3D:
    Version:  Direct3D 11.0 [level 11.1]
    Renderer: NVIDIA GeForce GTX 950 (ID=0x1402)
    Vendor:   
    VRAM:     2007 MB
    Driver:   27.21.14.5671
Initialize mono
Mono path[0] = 'B:/unity/2020.3.9f1/Editor/Data/Managed'
Mono path[1] = 'B:/unity/2020.3.9f1/Editor/Data/MonoBleedingEdge/lib/mono/unityjit'
Mono config path = 'B:/unity/2020.3.9f1/Editor/Data/MonoBleedingEdge/etc'
Using monoOptions --debugger-agent=transport=dt_socket,embedding=1,server=y,suspend=n,address=127.0.0.1:56064
Begin MonoManager ReloadAssembly
Registering precompiled unity dll's ...
Register platform support module: B:/unity/2020.3.9f1/Editor/Data/PlaybackEngines/WindowsStandaloneSupport/UnityEditor.WindowsStandalone.Extensions.dll
Registered in 0.001060 seconds.
Native extension for WindowsStandalone target not found
Refreshing native plugins compatible for Editor in 36.44 ms, found 1 plugins.
Preloading 0 native plugins for Editor in 0.00 ms.
Mono: successfully reloaded assembly
- Completed reload, in  0.934 seconds
Platform modules already initialized, skipping
Registering precompiled user dll's ...
Registered in 0.000823 seconds.
Begin MonoManager ReloadAssembly
Native extension for WindowsStandalone target not found
Refreshing native plugins compatible for Editor in 36.12 ms, found 1 plugins.
Preloading 0 native plugins for Editor in 0.00 ms.
Mono: successfully reloaded assembly
- Completed reload, in  1.413 seconds
Platform modules already initialized, skipping
========================================================================
Worker process is ready to serve import requests
Launched and connected shader compiler UnityShaderCompiler.exe after 0.24 seconds
Refreshing native plugins compatible for Editor in 0.33 ms, found 1 plugins.
Preloading 0 native plugins for Editor in 0.00 ms.
Unloading 1814 Unused Serialized files (Serialized files now loaded: 0)
System memory in use before: 85.3 MB.
System memory in use after: 85.2 MB.

Unloading 24 unused Assets to reduce memory usage. Loaded Objects now: 2257.
Total: 2.069300 ms (FindLiveObjects: 0.180100 ms CreateObjectMapping: 0.056600 ms MarkObjects: 1.658200 ms  DeleteObjects: 0.173300 ms)

========================================================================
Received Import Request.
  path: Assets/Animations/Player/player-idle-1.controller
  artifactKey: Guid(a3caf399c62c4b24bbbcc17df4357614) Importer(815301076,1909f56bfc062723c751e8b465ee728b)
Start importing Assets/Animations/Player/player-idle-1.controller using Guid(a3caf399c62c4b24bbbcc17df4357614) Importer(815301076,1909f56bfc062723c751e8b465ee728b)  -> (artifact id: '28aa273e1d1f73a570dd6d6753000fa3') in 0.177411 seconds
  Import took 0.206461 seconds .

========================================================================
Received Import Request.
  Time since last request: 306.160914 seconds.
  path: Assets/Animations/Enemy/AnimatorAnt.controller
  artifactKey: Guid(2fad008c02136b6429ffb9b96fcdf35f) Importer(815301076,1909f56bfc062723c751e8b465ee728b)
Start importing Assets/Animations/Enemy/AnimatorAnt.controller using Guid(2fad008c02136b6429ffb9b96fcdf35f) Importer(815301076,1909f56bfc062723c751e8b465ee728b)  -> (artifact id: 'f2711bff247bf5d37d83b655585a324b') in 0.043334 seconds
  Import took 0.071015 seconds .

AssetImportWorkerClient::OnTransportError - code=2 error=End of file
