Using pre-set license
Built from '2020.3/staging' branch; Version is '2020.3.24f1 (79c78de19888) revision 7980941'; Using compiler version '192528614'; Build Type 'Release'
OS: 'Windows 10  (10.0.19043) 64bit Professional' Language: 'es' Physical Memory: 8109 MB
BatchMode: 1, IsHumanControllingUs: 0, StartBugReporterOnCrash: 0, Is64bit: 1, IsPro: 0

COMMAND LINE ARGUMENTS:
B:\unity\2020.3.24f1\Editor\Unity.exe
-adb2
-batchMode
-noUpm
-name
AssetImportWorker1
-projectPath
B:/proyectosUnity/Curso codeSpace/Archimage
-logFile
Logs/AssetImportWorker1.log
-srvPort
50678
Successfully changed project path to: B:/proyectosUnity/Curso codeSpace/Archimage
B:/proyectosUnity/Curso codeSpace/Archimage
Using Asset Import Pipeline V2.
Refreshing native plugins compatible for Editor in 44.42 ms, found 3 plugins.
Preloading 0 native plugins for Editor in 0.00 ms.
Initialize engine version: 2020.3.24f1 (79c78de19888)
[Subsystems] Discovering subsystems at path B:/unity/2020.3.24f1/Editor/Data/Resources/UnitySubsystems
[Subsystems] Discovering subsystems at path B:/proyectosUnity/Curso codeSpace/Archimage/Assets
GfxDevice: creating device client; threaded=0
Direct3D:
    Version:  Direct3D 11.0 [level 11.1]
    Renderer: NVIDIA GeForce GTX 950 (ID=0x1402)
    Vendor:   
    VRAM:     2007 MB
    Driver:   27.21.14.5671
Initialize mono
Mono path[0] = 'B:/unity/2020.3.24f1/Editor/Data/Managed'
Mono path[1] = 'B:/unity/2020.3.24f1/Editor/Data/MonoBleedingEdge/lib/mono/unityjit'
Mono config path = 'B:/unity/2020.3.24f1/Editor/Data/MonoBleedingEdge/etc'
Using monoOptions --debugger-agent=transport=dt_socket,embedding=1,server=y,suspend=n,address=127.0.0.1:56696
Begin MonoManager ReloadAssembly
Registering precompiled unity dll's ...
Register platform support module: B:/unity/2020.3.24f1/Editor/Data/PlaybackEngines/WindowsStandaloneSupport/UnityEditor.WindowsStandalone.Extensions.dll
Registered in 0.001013 seconds.
Native extension for WindowsStandalone target not found
Refreshing native plugins compatible for Editor in 45.28 ms, found 3 plugins.
Preloading 0 native plugins for Editor in 0.00 ms.
Mono: successfully reloaded assembly
- Completed reload, in  0.581 seconds
Domain Reload Profiling:
	ReloadAssembly (581ms)
		BeginReloadAssembly (51ms)
			ExecutionOrderSort (0ms)
			DisableScriptedObjects (0ms)
			BackupInstance (0ms)
			ReleaseScriptingObjects (0ms)
			CreateAndSetChildDomain (2ms)
		EndReloadAssembly (464ms)
			LoadAssemblies (50ms)
			RebuildTransferFunctionScriptingTraits (0ms)
			SetupTypeCache (161ms)
			ReleaseScriptCaches (0ms)
			RebuildScriptCaches (29ms)
			SetupLoadedEditorAssemblies (175ms)
				LogAssemblyErrors (0ms)
				InitializePlatformSupportModulesInManaged (4ms)
				SetLoadedEditorAssemblies (0ms)
				RefreshPlugins (45ms)
				BeforeProcessingInitializeOnLoad (16ms)
				ProcessInitializeOnLoadAttributes (84ms)
				ProcessInitializeOnLoadMethodAttributes (26ms)
				AfterProcessingInitializeOnLoad (0ms)
				EditorAssembliesLoaded (0ms)
			ExecutionOrderSort2 (0ms)
			AwakeInstancesAfterBackupRestoration (0ms)
Platform modules already initialized, skipping
Registering precompiled user dll's ...
Registered in 0.007326 seconds.
Begin MonoManager ReloadAssembly
Native extension for WindowsStandalone target not found
Refreshing native plugins compatible for Editor in 47.93 ms, found 3 plugins.
Preloading 0 native plugins for Editor in 0.00 ms.
Mono: successfully reloaded assembly
- Completed reload, in  1.757 seconds
Domain Reload Profiling:
	ReloadAssembly (1758ms)
		BeginReloadAssembly (146ms)
			ExecutionOrderSort (0ms)
			DisableScriptedObjects (4ms)
			BackupInstance (0ms)
			ReleaseScriptingObjects (0ms)
			CreateAndSetChildDomain (18ms)
		EndReloadAssembly (1556ms)
			LoadAssemblies (671ms)
			RebuildTransferFunctionScriptingTraits (0ms)
			SetupTypeCache (341ms)
			ReleaseScriptCaches (1ms)
			RebuildScriptCaches (50ms)
			SetupLoadedEditorAssemblies (373ms)
				LogAssemblyErrors (0ms)
				InitializePlatformSupportModulesInManaged (3ms)
				SetLoadedEditorAssemblies (0ms)
				RefreshPlugins (48ms)
				BeforeProcessingInitializeOnLoad (70ms)
				ProcessInitializeOnLoadAttributes (200ms)
				ProcessInitializeOnLoadMethodAttributes (49ms)
				AfterProcessingInitializeOnLoad (2ms)
				EditorAssembliesLoaded (0ms)
			ExecutionOrderSort2 (0ms)
			AwakeInstancesAfterBackupRestoration (6ms)
Platform modules already initialized, skipping
========================================================================
Worker process is ready to serve import requests
Launched and connected shader compiler UnityShaderCompiler.exe after 0.19 seconds
Refreshing native plugins compatible for Editor in 0.59 ms, found 3 plugins.
Preloading 0 native plugins for Editor in 0.00 ms.
Unloading 2194 Unused Serialized files (Serialized files now loaded: 0)
System memory in use before: 95.8 MB.
System memory in use after: 95.9 MB.

Unloading 28 unused Assets to reduce memory usage. Loaded Objects now: 2627.
Total: 6.129800 ms (FindLiveObjects: 0.218900 ms CreateObjectMapping: 0.081100 ms MarkObjects: 5.670800 ms  DeleteObjects: 0.157200 ms)

AssetImportParameters requested are different than current active one (requested -> active):
  custom:framework-win-MediaFoundation: 216162199b28c13a410421893ffa2e32 -> 
  custom:video-decoder-ogg-theora: a1e56fd34408186e4bbccfd4996cb3dc -> 
  custom:container-muxer-webm: aa71ff27fc2769a1b78a27578f13a17b -> 
  custom:container-demuxer-webm: 4f35f7cbe854078d1ac9338744f61a02 -> 
  custom:container-demuxer-ogg: 62fdf1f143b41e24485cea50d1cbac27 -> 
  custom:video-encoder-webm-vp8: eb34c28f22e8b96e1ab97ce403110664 -> 
  custom:video-codec-MediaFoundation-h265: 746d11721c4dcdbdad8f713fa42b33f4 -> 
  custom:video-decoder-webm-vp8: 9c59270c3fd7afecdb556c50c9e8de78 -> 
  custom:audio-decoder-ogg-vorbis: bf7c407c2cedff20999df2af8eb42d56 -> 
  custom:audio-encoder-webm-vorbis: bf7c407c2cedff20999df2af8eb42d56 -> 
========================================================================
Received Import Request.
  path: Assets
  artifactKey: Guid(00000000000000001000000000000000) Importer(815301076,1909f56bfc062723c751e8b465ee728b)
Start importing Assets using Guid(00000000000000001000000000000000) Importer(815301076,1909f56bfc062723c751e8b465ee728b)  -> (artifact id: '42d402b061de3733987d63b9cc3b64de') in 0.023743 seconds 
  Import took 0.039023 seconds .

========================================================================
Received Import Request.
  Time since last request: 0.000298 seconds.
  path: Assets/dungeon2.png
  artifactKey: Guid(dc892b8d6ea0ff74a88e23d61f4de54f) Importer(815301076,1909f56bfc062723c751e8b465ee728b)
Start importing Assets/dungeon2.png using Guid(dc892b8d6ea0ff74a88e23d61f4de54f) Importer(815301076,1909f56bfc062723c751e8b465ee728b)  -> (artifact id: '4af86d6e285860c4965119857afc1fb5') in 0.258813 seconds 
  Import took 0.272218 seconds .

========================================================================
Received Import Request.
  Time since last request: 4.128907 seconds.
  path: Assets/TilePalette
  artifactKey: Guid(3490519d30004f645b47b6fe44fe63e9) Importer(815301076,1909f56bfc062723c751e8b465ee728b)
Start importing Assets/TilePalette using Guid(3490519d30004f645b47b6fe44fe63e9) Importer(815301076,1909f56bfc062723c751e8b465ee728b)  -> (artifact id: 'b1d39f625b39d5c9d12f5c074e5a3aae') in 0.009465 seconds 
  Import took 0.025015 seconds .

========================================================================
Received Import Request.
  Time since last request: 21.852629 seconds.
  path: Assets/TilePalette/Dungeon.prefab
  artifactKey: Guid(448dd684e6968b94bb34af1f77da0933) Importer(815301076,1909f56bfc062723c751e8b465ee728b)
Start importing Assets/TilePalette/Dungeon.prefab using Guid(448dd684e6968b94bb34af1f77da0933) Importer(815301076,1909f56bfc062723c751e8b465ee728b)  -> (artifact id: '2d90c434f62e6a41eb226716914d48ca') in 0.073862 seconds 
  Import took 0.089680 seconds .

========================================================================
Received Import Request.
  Time since last request: 6.142709 seconds.
  path: Assets/TilePalette/Dungeon.prefab
  artifactKey: Guid(448dd684e6968b94bb34af1f77da0933) Importer(815301076,1909f56bfc062723c751e8b465ee728b)
Start importing Assets/TilePalette/Dungeon.prefab using Guid(448dd684e6968b94bb34af1f77da0933) Importer(815301076,1909f56bfc062723c751e8b465ee728b)  -> (artifact id: '585707005ec009fc929b25947dbc62dc') in 0.030329 seconds 
  Import took 0.034578 seconds .

========================================================================
Received Import Request.
  Time since last request: 0.000258 seconds.
  path: Assets/TilePalette/dungeon2.asset
  artifactKey: Guid(23442ac21916be349b27813245f82233) Importer(815301076,1909f56bfc062723c751e8b465ee728b)
Start importing Assets/TilePalette/dungeon2.asset using Guid(23442ac21916be349b27813245f82233) Importer(815301076,1909f56bfc062723c751e8b465ee728b)  -> (artifact id: 'a5bdf77a7d049864296d1fea87c1dcec') in 0.064282 seconds 
  Import took 0.069827 seconds .

========================================================================
Received Import Request.
  Time since last request: 24.810251 seconds.
  path: Assets/TilePalette/dungeon2.png
  artifactKey: Guid(dc892b8d6ea0ff74a88e23d61f4de54f) Importer(815301076,1909f56bfc062723c751e8b465ee728b)
Start importing Assets/TilePalette/dungeon2.png using Guid(dc892b8d6ea0ff74a88e23d61f4de54f) Importer(815301076,1909f56bfc062723c751e8b465ee728b)  -> (artifact id: '01a9407b28b154c6e9dc15ec6bf02ede') in 0.010923 seconds 
  Import took 0.022225 seconds .

========================================================================
Received Import Request.
  Time since last request: 0.000247 seconds.
  path: Assets/TilePalette/Dungeon.prefab
  artifactKey: Guid(448dd684e6968b94bb34af1f77da0933) Importer(815301076,1909f56bfc062723c751e8b465ee728b)
Start importing Assets/TilePalette/Dungeon.prefab using Guid(448dd684e6968b94bb34af1f77da0933) Importer(815301076,1909f56bfc062723c751e8b465ee728b)  -> (artifact id: '7d7a6a75aba536c0387ef5149a98c543') in 0.008443 seconds 
  Import took 0.012733 seconds .

========================================================================
Received Import Request.
  Time since last request: 33.463637 seconds.
  path: Assets/TilePalette/dungeon2.png
  artifactKey: Guid(dc892b8d6ea0ff74a88e23d61f4de54f) Importer(815301076,1909f56bfc062723c751e8b465ee728b)
Start importing Assets/TilePalette/dungeon2.png using Guid(dc892b8d6ea0ff74a88e23d61f4de54f) Importer(815301076,1909f56bfc062723c751e8b465ee728b)  -> (artifact id: 'e15dc0b85f4b199a7a5c483dfce6228b') in 1.057968 seconds 
  Import took 1.108028 seconds .

========================================================================
Received Import Request.
  Time since last request: 22.981264 seconds.
  path: Assets/TilePalette/Dungeon.prefab
  artifactKey: Guid(448dd684e6968b94bb34af1f77da0933) Importer(815301076,1909f56bfc062723c751e8b465ee728b)
Start importing Assets/TilePalette/Dungeon.prefab using Guid(448dd684e6968b94bb34af1f77da0933) Importer(815301076,1909f56bfc062723c751e8b465ee728b)  -> (artifact id: 'c267f148007d62c28498a47251c4c455') in 0.091838 seconds 
  Import took 0.101395 seconds .

========================================================================
Received Import Request.
  Time since last request: 325.044010 seconds.
  path: Assets/TilePalette/dungeon2.png
  artifactKey: Guid(dc892b8d6ea0ff74a88e23d61f4de54f) Importer(815301076,1909f56bfc062723c751e8b465ee728b)
Start importing Assets/TilePalette/dungeon2.png using Guid(dc892b8d6ea0ff74a88e23d61f4de54f) Importer(815301076,1909f56bfc062723c751e8b465ee728b)  -> (artifact id: 'aa9a67b81f82c843f4fd48e4e8cc6f0b') in 0.980485 seconds 
  Import took 0.986796 seconds .

========================================================================
Received Import Request.
  Time since last request: 494.867963 seconds.
  path: Assets/TilePalette/dungeon2_0.asset
  artifactKey: Guid(a3846837fd6c67940a6b45fd210f3691) Importer(815301076,1909f56bfc062723c751e8b465ee728b)
Start importing Assets/TilePalette/dungeon2_0.asset using Guid(a3846837fd6c67940a6b45fd210f3691) Importer(815301076,1909f56bfc062723c751e8b465ee728b)  -> (artifact id: 'cd5b682c4845eb024eb42c043e985946') in 0.016448 seconds 
  Import took 0.020438 seconds .

========================================================================
Received Import Request.
  Time since last request: 0.000252 seconds.
  path: Assets/TilePalette/dungeon2_2.asset
  artifactKey: Guid(384ed1d24ff7620438adbc78ba86053b) Importer(815301076,1909f56bfc062723c751e8b465ee728b)
Start importing Assets/TilePalette/dungeon2_2.asset using Guid(384ed1d24ff7620438adbc78ba86053b) Importer(815301076,1909f56bfc062723c751e8b465ee728b)  -> (artifact id: '4645c9aa923e234bf6b231ace7ae5aa5') in 0.010371 seconds 
  Import took 0.014151 seconds .

========================================================================
Received Import Request.
  Time since last request: 0.000309 seconds.
  path: Assets/TilePalette/dungeon2_6.asset
  artifactKey: Guid(73c87a79ecfd6a942929954b8db14fb2) Importer(815301076,1909f56bfc062723c751e8b465ee728b)
Start importing Assets/TilePalette/dungeon2_6.asset using Guid(73c87a79ecfd6a942929954b8db14fb2) Importer(815301076,1909f56bfc062723c751e8b465ee728b)  -> (artifact id: '8eea2fbf82b99a3a91ceef2dddcf8efb') in 0.019673 seconds 
  Import took 0.023007 seconds .

========================================================================
Received Import Request.
  Time since last request: 0.000337 seconds.
  path: Assets/TilePalette/dungeon2_5.asset
  artifactKey: Guid(a88e1ec599e7bf64eaa6a528b964c20b) Importer(815301076,1909f56bfc062723c751e8b465ee728b)
Start importing Assets/TilePalette/dungeon2_5.asset using Guid(a88e1ec599e7bf64eaa6a528b964c20b) Importer(815301076,1909f56bfc062723c751e8b465ee728b)  -> (artifact id: '02d5e5259138f3624dd4cb13dae5164a') in 0.012062 seconds 
  Import took 0.015368 seconds .

========================================================================
Received Import Request.
  Time since last request: 0.000229 seconds.
  path: Assets/TilePalette/dungeon2_7.asset
  artifactKey: Guid(ef172d939d213df458548d2df9f9cdb6) Importer(815301076,1909f56bfc062723c751e8b465ee728b)
Start importing Assets/TilePalette/dungeon2_7.asset using Guid(ef172d939d213df458548d2df9f9cdb6) Importer(815301076,1909f56bfc062723c751e8b465ee728b)  -> (artifact id: 'dd6843b5c31b16c24f18b23e02a7de81') in 0.013332 seconds 
  Import took 0.016749 seconds .

========================================================================
Received Import Request.
  Time since last request: 0.000269 seconds.
  path: Assets/TilePalette/dungeon2_8.asset
  artifactKey: Guid(53503cd73a3f9f04d8006a7a288e6538) Importer(815301076,1909f56bfc062723c751e8b465ee728b)
Start importing Assets/TilePalette/dungeon2_8.asset using Guid(53503cd73a3f9f04d8006a7a288e6538) Importer(815301076,1909f56bfc062723c751e8b465ee728b)  -> (artifact id: '541f1f8505d339e1f91676637067c188') in 0.016050 seconds 
  Import took 0.020529 seconds .

========================================================================
Received Import Request.
  Time since last request: 0.000604 seconds.
  path: Assets/TilePalette/dungeon2_1.asset
  artifactKey: Guid(2ade73b3e18185e4ba5472b0a85b69c4) Importer(815301076,1909f56bfc062723c751e8b465ee728b)
Start importing Assets/TilePalette/dungeon2_1.asset using Guid(2ade73b3e18185e4ba5472b0a85b69c4) Importer(815301076,1909f56bfc062723c751e8b465ee728b)  -> (artifact id: 'eb7859ada7c221f804952a4e5e24b238') in 0.013980 seconds 
  Import took 0.020335 seconds .

========================================================================
Received Import Request.
  Time since last request: 0.000329 seconds.
  path: Assets/TilePalette/dungeon2_3.asset
  artifactKey: Guid(415344a1b61cd544db5fa777154b6f03) Importer(815301076,1909f56bfc062723c751e8b465ee728b)
Start importing Assets/TilePalette/dungeon2_3.asset using Guid(415344a1b61cd544db5fa777154b6f03) Importer(815301076,1909f56bfc062723c751e8b465ee728b)  -> (artifact id: '25e6ef8ce1e0d75fdb9a44e078cb30a5') in 0.016059 seconds 
  Import took 0.020677 seconds .

========================================================================
Received Import Request.
  Time since last request: 0.000304 seconds.
  path: Assets/TilePalette/dungeon2_4.asset
  artifactKey: Guid(7872a398c0905bf4bad3a6a956e9620c) Importer(815301076,1909f56bfc062723c751e8b465ee728b)
Start importing Assets/TilePalette/dungeon2_4.asset using Guid(7872a398c0905bf4bad3a6a956e9620c) Importer(815301076,1909f56bfc062723c751e8b465ee728b)  -> (artifact id: 'a9f0aeb44d6e59e39bb5a62d72a13ab2') in 0.014473 seconds 
  Import took 0.019376 seconds .

========================================================================
Received Import Request.
  Time since last request: 25.385330 seconds.
  path: Assets/Summoner/Summoner.png
  artifactKey: Guid(f8144ce06a42e754d803acd1eb6f8e42) Importer(815301076,1909f56bfc062723c751e8b465ee728b)
Start importing Assets/Summoner/Summoner.png using Guid(f8144ce06a42e754d803acd1eb6f8e42) Importer(815301076,1909f56bfc062723c751e8b465ee728b)  -> (artifact id: 'fb640c36ce0a28d841c41ed0fe3b5de7') in 0.015758 seconds 
  Import took 0.019193 seconds .

========================================================================
Received Import Request.
  Time since last request: 0.000292 seconds.
  path: Assets/Summoner/Summoner_idle.png
  artifactKey: Guid(5a119ccf780594746a8637ac7ea7ba4a) Importer(815301076,1909f56bfc062723c751e8b465ee728b)
Start importing Assets/Summoner/Summoner_idle.png using Guid(5a119ccf780594746a8637ac7ea7ba4a) Importer(815301076,1909f56bfc062723c751e8b465ee728b)  -> (artifact id: '07053ff9faabf708bad9d84b508da69c') in 0.019896 seconds 
  Import took 0.024658 seconds .

========================================================================
Received Import Request.
  Time since last request: 0.000235 seconds.
  path: Assets/Summoner/Summoner_attack.png
  artifactKey: Guid(65e3792fd920ce34ea3018f299528f93) Importer(815301076,1909f56bfc062723c751e8b465ee728b)
Start importing Assets/Summoner/Summoner_attack.png using Guid(65e3792fd920ce34ea3018f299528f93) Importer(815301076,1909f56bfc062723c751e8b465ee728b)  -> (artifact id: '34965e03a4f12048125a7619f07bac35') in 0.028093 seconds 
  Import took 0.032958 seconds .

========================================================================
Received Import Request.
  Time since last request: 0.000311 seconds.
  path: Assets/Summoner/Summoner_die.png
  artifactKey: Guid(a8e7a41babba77145ae525a97be82b08) Importer(815301076,1909f56bfc062723c751e8b465ee728b)
Start importing Assets/Summoner/Summoner_die.png using Guid(a8e7a41babba77145ae525a97be82b08) Importer(815301076,1909f56bfc062723c751e8b465ee728b)  -> (artifact id: '5e0d07cf58355639521cdc824eae4535') in 0.025419 seconds 
  Import took 0.029207 seconds .

========================================================================
Received Import Request.
  Time since last request: 0.000348 seconds.
  path: Assets/Summoner/Summoner_quick_attack.png
  artifactKey: Guid(f95acf0be5fb50d47a3b9b29e1859be5) Importer(815301076,1909f56bfc062723c751e8b465ee728b)
Start importing Assets/Summoner/Summoner_quick_attack.png using Guid(f95acf0be5fb50d47a3b9b29e1859be5) Importer(815301076,1909f56bfc062723c751e8b465ee728b)  -> (artifact id: 'cb3e3e0cf02d6e94bde35f3196db883b') in 0.016299 seconds 
  Import took 0.019206 seconds .

========================================================================
Received Import Request.
  Time since last request: 0.000355 seconds.
  path: Assets/Summoner/Summoner_minon.png
  artifactKey: Guid(27ac6db23f65ec84d84997149157f3cc) Importer(815301076,1909f56bfc062723c751e8b465ee728b)
Start importing Assets/Summoner/Summoner_minon.png using Guid(27ac6db23f65ec84d84997149157f3cc) Importer(815301076,1909f56bfc062723c751e8b465ee728b)  -> (artifact id: '4f9baa6d8db79b7103fe714e1867de72') in 0.015154 seconds 
  Import took 0.018598 seconds .

========================================================================
Received Import Request.
  Time since last request: 0.000227 seconds.
  path: Assets/Summoner/Summoner_spritesheet.png
  artifactKey: Guid(330cf8c471b0ba34d91c9b7650b384eb) Importer(815301076,1909f56bfc062723c751e8b465ee728b)
Start importing Assets/Summoner/Summoner_spritesheet.png using Guid(330cf8c471b0ba34d91c9b7650b384eb) Importer(815301076,1909f56bfc062723c751e8b465ee728b)  -> (artifact id: '27da35d27f80f9a6dbc3c5b4a0ed8119') in 0.026241 seconds 
  Import took 0.029746 seconds .

========================================================================
Received Import Request.
  Time since last request: 0.000183 seconds.
  path: Assets/Summoner/Summoner_cast.png
  artifactKey: Guid(7e10a4c2ad5b3fa40a85b538e94d274d) Importer(815301076,1909f56bfc062723c751e8b465ee728b)
Start importing Assets/Summoner/Summoner_cast.png using Guid(7e10a4c2ad5b3fa40a85b538e94d274d) Importer(815301076,1909f56bfc062723c751e8b465ee728b)  -> (artifact id: '4debac4633c06ac8258252d0692a4e1e') in 0.013689 seconds 
  Import took 0.016781 seconds .

========================================================================
Received Import Request.
  Time since last request: 0.000211 seconds.
  path: Assets/Summoner/Summoner_hurt.png
  artifactKey: Guid(12b0b3d141937ce47afbedc281dcb06e) Importer(815301076,1909f56bfc062723c751e8b465ee728b)
Start importing Assets/Summoner/Summoner_hurt.png using Guid(12b0b3d141937ce47afbedc281dcb06e) Importer(815301076,1909f56bfc062723c751e8b465ee728b)  -> (artifact id: 'eb043cfcecbf5d263625ea018609d5ce') in 0.026869 seconds 
  Import took 0.030320 seconds .

========================================================================
Received Import Request.
  Time since last request: 0.000260 seconds.
  path: Assets/Summoner/Summoner_cheer.png
  artifactKey: Guid(e00653355c9d3ee45bb5b733a8ba6474) Importer(815301076,1909f56bfc062723c751e8b465ee728b)
Start importing Assets/Summoner/Summoner_cheer.png using Guid(e00653355c9d3ee45bb5b733a8ba6474) Importer(815301076,1909f56bfc062723c751e8b465ee728b)  -> (artifact id: '6aba5976c0701a5d13f651a53c79082d') in 0.015694 seconds 
  Import took 0.020383 seconds .

========================================================================
Received Import Request.
  Time since last request: 0.000330 seconds.
  path: Assets/Summoner/Summoner_projectile.png
  artifactKey: Guid(2bf1f8400079c0046bdef04923f1b234) Importer(815301076,1909f56bfc062723c751e8b465ee728b)
Start importing Assets/Summoner/Summoner_projectile.png using Guid(2bf1f8400079c0046bdef04923f1b234) Importer(815301076,1909f56bfc062723c751e8b465ee728b)  -> (artifact id: '93b6374dc9e0a60906abcefa674474d8') in 0.026751 seconds 
  Import took 0.031631 seconds .

========================================================================
Received Import Request.
  Time since last request: 12.624813 seconds.
  path: Assets/Summoner/Summoner.png
  artifactKey: Guid(f8144ce06a42e754d803acd1eb6f8e42) Importer(815301076,1909f56bfc062723c751e8b465ee728b)
Start importing Assets/Summoner/Summoner.png using Guid(f8144ce06a42e754d803acd1eb6f8e42) Importer(815301076,1909f56bfc062723c751e8b465ee728b)  -> (artifact id: 'bcd885ff5c65409a2ab8dd9c1e94bc0e') in 0.007798 seconds 
  Import took 0.013118 seconds .

========================================================================
Received Import Request.
  Time since last request: 3.852772 seconds.
  path: Assets/Summoner/Summoner.png
  artifactKey: Guid(f8144ce06a42e754d803acd1eb6f8e42) Importer(815301076,1909f56bfc062723c751e8b465ee728b)
Start importing Assets/Summoner/Summoner.png using Guid(f8144ce06a42e754d803acd1eb6f8e42) Importer(815301076,1909f56bfc062723c751e8b465ee728b)  -> (artifact id: 'bd779c2f0ed880d5a4b38cfe41188c51') in 0.009163 seconds 
  Import took 0.013877 seconds .

AssetImportWorkerClient::OnTransportError - code=2 error=End of file
