Using pre-set license
Built from '2020.3/staging' branch; Version is '2020.3.9f1 (108be757e447) revision 1084391'; Using compiler version '192528614'; Build Type 'Release'
OS: 'Windows 10 Pro; OS build 19043.1466; Version 2009; 64bit' Language: 'es' Physical Memory: 8109 MB
BatchMode: 1, IsHumanControllingUs: 0, StartBugReporterOnCrash: 0, Is64bit: 1, IsPro: 0

 COMMAND LINE ARGUMENTS:
B:\unity\2020.3.9f1\Editor\Unity.exe
-adb2
-batchMode
-noUpm
-name
AssetImportWorker0
-projectPath
B:/proyectosUnity/Curso codeSpace/FPS
-logFile
Logs/AssetImportWorker0.log
-srvPort
51545
Successfully changed project path to: B:/proyectosUnity/Curso codeSpace/FPS
B:/proyectosUnity/Curso codeSpace/FPS
Using Asset Import Pipeline V2.
Refreshing native plugins compatible for Editor in 67.77 ms, found 0 plugins.
Preloading 0 native plugins for Editor in 0.00 ms.
Initialize engine version: 2020.3.9f1 (108be757e447)
[Subsystems] Discovering subsystems at path B:/unity/2020.3.9f1/Editor/Data/Resources/UnitySubsystems
[Subsystems] Discovering subsystems at path B:/proyectosUnity/Curso codeSpace/FPS/Assets
GfxDevice: creating device client; threaded=0
Direct3D:
    Version:  Direct3D 11.0 [level 11.1]
    Renderer: NVIDIA GeForce GTX 950 (ID=0x1402)
    Vendor:   
    VRAM:     2007 MB
    Driver:   27.21.14.5671
Initialize mono
Mono path[0] = 'B:/unity/2020.3.9f1/Editor/Data/Managed'
Mono path[1] = 'B:/unity/2020.3.9f1/Editor/Data/MonoBleedingEdge/lib/mono/unityjit'
Mono config path = 'B:/unity/2020.3.9f1/Editor/Data/MonoBleedingEdge/etc'
Using monoOptions --debugger-agent=transport=dt_socket,embedding=1,server=y,suspend=n,address=127.0.0.1:56200
Begin MonoManager ReloadAssembly
Registering precompiled unity dll's ...
Register platform support module: B:/unity/2020.3.9f1/Editor/Data/PlaybackEngines/WindowsStandaloneSupport/UnityEditor.WindowsStandalone.Extensions.dll
Registered in 0.001403 seconds.
Native extension for WindowsStandalone target not found
Refreshing native plugins compatible for Editor in 32.68 ms, found 0 plugins.
Preloading 0 native plugins for Editor in 0.00 ms.
Mono: successfully reloaded assembly
- Completed reload, in  4.801 seconds
Platform modules already initialized, skipping
Registering precompiled user dll's ...
Registered in 0.001102 seconds.
Begin MonoManager ReloadAssembly
Native extension for WindowsStandalone target not found
Refreshing native plugins compatible for Editor in 0.25 ms, found 0 plugins.
Preloading 0 native plugins for Editor in 0.00 ms.
Mono: successfully reloaded assembly
- Completed reload, in  0.853 seconds
Platform modules already initialized, skipping
========================================================================
Worker process is ready to serve import requests
Launched and connected shader compiler UnityShaderCompiler.exe after 0.06 seconds
Refreshing native plugins compatible for Editor in 0.44 ms, found 0 plugins.
Preloading 0 native plugins for Editor in 0.00 ms.
Unloading 1261 Unused Serialized files (Serialized files now loaded: 0)
System memory in use before: 68.6 MB.
System memory in use after: 68.6 MB.

Unloading 12 unused Assets to reduce memory usage. Loaded Objects now: 1711.
Total: 3.476100 ms (FindLiveObjects: 0.227600 ms CreateObjectMapping: 0.069600 ms MarkObjects: 3.022900 ms  DeleteObjects: 0.154400 ms)

========================================================================
Received Import Request.
  path: Assets/Scripts/Enemy/Zombie.cs
  artifactKey: Guid(0cfa3e392e6f67340ab6a7fce36fb07f) Importer(815301076,1909f56bfc062723c751e8b465ee728b)
Start importing Assets/Scripts/Enemy/Zombie.cs using Guid(0cfa3e392e6f67340ab6a7fce36fb07f) Importer(815301076,1909f56bfc062723c751e8b465ee728b)  -> (artifact id: '0b640b36aaf783652bc5bbd8a3b53496') in 0.147430 seconds
  Import took 0.184133 seconds .

========================================================================
Received Prepare
Refreshing native plugins compatible for Editor in 1.19 ms, found 0 plugins.
Preloading 0 native plugins for Editor in 0.00 ms.
Unloading 5 Unused Serialized files (Serialized files now loaded: 0)
System memory in use before: 41.2 MB.
System memory in use after: 41.3 MB.

Unloading 5 unused Assets to reduce memory usage. Loaded Objects now: 1711.
Total: 2.018900 ms (FindLiveObjects: 0.132300 ms CreateObjectMapping: 0.042400 ms MarkObjects: 1.792900 ms  DeleteObjects: 0.050600 ms)

========================================================================
Received Prepare
Registering precompiled user dll's ...
Registered in 0.001190 seconds.
Begin MonoManager ReloadAssembly
Native extension for WindowsStandalone target not found
Refreshing native plugins compatible for Editor in 0.53 ms, found 0 plugins.
Preloading 0 native plugins for Editor in 0.00 ms.
Mono: successfully reloaded assembly
- Completed reload, in  0.832 seconds
Platform modules already initialized, skipping
Refreshing native plugins compatible for Editor in 0.76 ms, found 0 plugins.
Preloading 0 native plugins for Editor in 0.00 ms.
Unloading 1227 Unused Serialized files (Serialized files now loaded: 0)
System memory in use before: 65.6 MB.
System memory in use after: 65.7 MB.

Unloading 7 unused Assets to reduce memory usage. Loaded Objects now: 1714.
Total: 3.981300 ms (FindLiveObjects: 0.509900 ms CreateObjectMapping: 0.161000 ms MarkObjects: 3.249200 ms  DeleteObjects: 0.058600 ms)

========================================================================
Received Prepare
Registering precompiled user dll's ...
Registered in 0.001129 seconds.
Begin MonoManager ReloadAssembly
Native extension for WindowsStandalone target not found
Refreshing native plugins compatible for Editor in 0.25 ms, found 0 plugins.
Preloading 0 native plugins for Editor in 0.00 ms.
Mono: successfully reloaded assembly
- Completed reload, in  0.803 seconds
Platform modules already initialized, skipping
Refreshing native plugins compatible for Editor in 0.27 ms, found 0 plugins.
Preloading 0 native plugins for Editor in 0.00 ms.
Unloading 1227 Unused Serialized files (Serialized files now loaded: 0)
System memory in use before: 65.7 MB.
System memory in use after: 65.7 MB.

Unloading 7 unused Assets to reduce memory usage. Loaded Objects now: 1717.
Total: 1.513400 ms (FindLiveObjects: 0.133100 ms CreateObjectMapping: 0.037800 ms MarkObjects: 1.297000 ms  DeleteObjects: 0.044600 ms)

========================================================================
Received Prepare
Registering precompiled user dll's ...
Registered in 0.001260 seconds.
Begin MonoManager ReloadAssembly
Native extension for WindowsStandalone target not found
Refreshing native plugins compatible for Editor in 0.34 ms, found 0 plugins.
Preloading 0 native plugins for Editor in 0.00 ms.
Mono: successfully reloaded assembly
- Completed reload, in  0.912 seconds
Platform modules already initialized, skipping
Refreshing native plugins compatible for Editor in 0.25 ms, found 0 plugins.
Preloading 0 native plugins for Editor in 0.00 ms.
Unloading 1227 Unused Serialized files (Serialized files now loaded: 0)
System memory in use before: 65.7 MB.
System memory in use after: 65.8 MB.

Unloading 7 unused Assets to reduce memory usage. Loaded Objects now: 1720.
Total: 1.827700 ms (FindLiveObjects: 0.143400 ms CreateObjectMapping: 0.036900 ms MarkObjects: 1.553500 ms  DeleteObjects: 0.093000 ms)

========================================================================
Received Prepare
Registering precompiled user dll's ...
Registered in 0.001163 seconds.
Begin MonoManager ReloadAssembly
Native extension for WindowsStandalone target not found
Refreshing native plugins compatible for Editor in 0.25 ms, found 0 plugins.
Preloading 0 native plugins for Editor in 0.00 ms.
Mono: successfully reloaded assembly
- Completed reload, in  0.797 seconds
Platform modules already initialized, skipping
Refreshing native plugins compatible for Editor in 0.47 ms, found 0 plugins.
Preloading 0 native plugins for Editor in 0.00 ms.
Unloading 1227 Unused Serialized files (Serialized files now loaded: 0)
System memory in use before: 65.7 MB.
System memory in use after: 65.8 MB.

Unloading 7 unused Assets to reduce memory usage. Loaded Objects now: 1723.
Total: 1.658600 ms (FindLiveObjects: 0.122800 ms CreateObjectMapping: 0.033800 ms MarkObjects: 1.455200 ms  DeleteObjects: 0.045800 ms)

========================================================================
Received Prepare
Registering precompiled user dll's ...
Registered in 0.001265 seconds.
Begin MonoManager ReloadAssembly
Native extension for WindowsStandalone target not found
Refreshing native plugins compatible for Editor in 0.67 ms, found 0 plugins.
Preloading 0 native plugins for Editor in 0.00 ms.
Mono: successfully reloaded assembly
- Completed reload, in  0.926 seconds
Platform modules already initialized, skipping
Refreshing native plugins compatible for Editor in 0.37 ms, found 0 plugins.
Preloading 0 native plugins for Editor in 0.00 ms.
Unloading 1227 Unused Serialized files (Serialized files now loaded: 0)
System memory in use before: 65.7 MB.
System memory in use after: 65.8 MB.

Unloading 7 unused Assets to reduce memory usage. Loaded Objects now: 1726.
Total: 2.583700 ms (FindLiveObjects: 0.211600 ms CreateObjectMapping: 0.043600 ms MarkObjects: 2.269100 ms  DeleteObjects: 0.058400 ms)

========================================================================
Received Prepare
Registering precompiled user dll's ...
Registered in 0.001128 seconds.
Begin MonoManager ReloadAssembly
Native extension for WindowsStandalone target not found
Refreshing native plugins compatible for Editor in 0.26 ms, found 0 plugins.
Preloading 0 native plugins for Editor in 0.00 ms.
Mono: successfully reloaded assembly
- Completed reload, in  0.837 seconds
Platform modules already initialized, skipping
Refreshing native plugins compatible for Editor in 0.24 ms, found 0 plugins.
Preloading 0 native plugins for Editor in 0.00 ms.
Unloading 1227 Unused Serialized files (Serialized files now loaded: 0)
System memory in use before: 65.7 MB.
System memory in use after: 65.8 MB.

Unloading 7 unused Assets to reduce memory usage. Loaded Objects now: 1729.
Total: 1.755200 ms (FindLiveObjects: 0.146800 ms CreateObjectMapping: 0.038500 ms MarkObjects: 1.515500 ms  DeleteObjects: 0.053600 ms)

========================================================================
Received Prepare
Registering precompiled user dll's ...
Registered in 0.001185 seconds.
Begin MonoManager ReloadAssembly
Native extension for WindowsStandalone target not found
Refreshing native plugins compatible for Editor in 0.37 ms, found 0 plugins.
Preloading 0 native plugins for Editor in 0.00 ms.
Mono: successfully reloaded assembly
- Completed reload, in  0.989 seconds
Platform modules already initialized, skipping
Refreshing native plugins compatible for Editor in 0.48 ms, found 0 plugins.
Preloading 0 native plugins for Editor in 0.00 ms.
Unloading 1227 Unused Serialized files (Serialized files now loaded: 0)
System memory in use before: 65.7 MB.
System memory in use after: 65.8 MB.

Unloading 7 unused Assets to reduce memory usage. Loaded Objects now: 1732.
Total: 2.107500 ms (FindLiveObjects: 0.151300 ms CreateObjectMapping: 0.047300 ms MarkObjects: 1.857300 ms  DeleteObjects: 0.050300 ms)

========================================================================
Received Prepare
Registering precompiled user dll's ...
Registered in 0.001129 seconds.
Begin MonoManager ReloadAssembly
Native extension for WindowsStandalone target not found
Refreshing native plugins compatible for Editor in 0.27 ms, found 0 plugins.
Preloading 0 native plugins for Editor in 0.00 ms.
Mono: successfully reloaded assembly
- Completed reload, in  0.864 seconds
Platform modules already initialized, skipping
Refreshing native plugins compatible for Editor in 0.40 ms, found 0 plugins.
Preloading 0 native plugins for Editor in 0.00 ms.
Unloading 1227 Unused Serialized files (Serialized files now loaded: 0)
System memory in use before: 65.7 MB.
System memory in use after: 65.8 MB.

Unloading 7 unused Assets to reduce memory usage. Loaded Objects now: 1735.
Total: 1.663500 ms (FindLiveObjects: 0.129200 ms CreateObjectMapping: 0.036900 ms MarkObjects: 1.449800 ms  DeleteObjects: 0.046800 ms)

========================================================================
Received Prepare
Registering precompiled user dll's ...
Registered in 0.045616 seconds.
Begin MonoManager ReloadAssembly
Native extension for WindowsStandalone target not found
Refreshing native plugins compatible for Editor in 0.40 ms, found 0 plugins.
Preloading 0 native plugins for Editor in 0.00 ms.
Mono: successfully reloaded assembly
- Completed reload, in  1.580 seconds
Platform modules already initialized, skipping
Refreshing native plugins compatible for Editor in 0.33 ms, found 0 plugins.
Preloading 0 native plugins for Editor in 0.00 ms.
Unloading 1227 Unused Serialized files (Serialized files now loaded: 0)
System memory in use before: 65.7 MB.
System memory in use after: 65.8 MB.

Unloading 7 unused Assets to reduce memory usage. Loaded Objects now: 1738.
Total: 2.279000 ms (FindLiveObjects: 0.159300 ms CreateObjectMapping: 0.047500 ms MarkObjects: 1.977000 ms  DeleteObjects: 0.094200 ms)

========================================================================
Received Prepare
Registering precompiled user dll's ...
Registered in 0.001501 seconds.
Begin MonoManager ReloadAssembly
Native extension for WindowsStandalone target not found
Refreshing native plugins compatible for Editor in 0.32 ms, found 0 plugins.
Preloading 0 native plugins for Editor in 0.00 ms.
Mono: successfully reloaded assembly
- Completed reload, in  0.759 seconds
Platform modules already initialized, skipping
Refreshing native plugins compatible for Editor in 0.24 ms, found 0 plugins.
Preloading 0 native plugins for Editor in 0.00 ms.
Unloading 1227 Unused Serialized files (Serialized files now loaded: 0)
System memory in use before: 65.7 MB.
System memory in use after: 65.8 MB.

Unloading 7 unused Assets to reduce memory usage. Loaded Objects now: 1741.
Total: 2.269000 ms (FindLiveObjects: 0.131300 ms CreateObjectMapping: 0.031200 ms MarkObjects: 2.029100 ms  DeleteObjects: 0.075900 ms)

========================================================================
Received Prepare
Registering precompiled user dll's ...
Registered in 0.001376 seconds.
Begin MonoManager ReloadAssembly
Native extension for WindowsStandalone target not found
Refreshing native plugins compatible for Editor in 0.29 ms, found 0 plugins.
Preloading 0 native plugins for Editor in 0.00 ms.
Mono: successfully reloaded assembly
- Completed reload, in  0.859 seconds
Platform modules already initialized, skipping
Refreshing native plugins compatible for Editor in 0.31 ms, found 0 plugins.
Preloading 0 native plugins for Editor in 0.00 ms.
Unloading 1227 Unused Serialized files (Serialized files now loaded: 0)
System memory in use before: 65.7 MB.
System memory in use after: 65.8 MB.

Unloading 7 unused Assets to reduce memory usage. Loaded Objects now: 1744.
Total: 1.694300 ms (FindLiveObjects: 0.154800 ms CreateObjectMapping: 0.037600 ms MarkObjects: 1.445400 ms  DeleteObjects: 0.055400 ms)

========================================================================
Received Prepare
Registering precompiled user dll's ...
Registered in 0.001170 seconds.
Begin MonoManager ReloadAssembly
Native extension for WindowsStandalone target not found
Refreshing native plugins compatible for Editor in 0.26 ms, found 0 plugins.
Preloading 0 native plugins for Editor in 0.00 ms.
Mono: successfully reloaded assembly
- Completed reload, in  0.750 seconds
Platform modules already initialized, skipping
Refreshing native plugins compatible for Editor in 0.27 ms, found 0 plugins.
Preloading 0 native plugins for Editor in 0.00 ms.
Unloading 1227 Unused Serialized files (Serialized files now loaded: 0)
System memory in use before: 65.7 MB.
System memory in use after: 65.8 MB.

Unloading 7 unused Assets to reduce memory usage. Loaded Objects now: 1747.
Total: 1.614900 ms (FindLiveObjects: 0.197000 ms CreateObjectMapping: 0.038900 ms MarkObjects: 1.334700 ms  DeleteObjects: 0.043400 ms)

========================================================================
Received Prepare
Registering precompiled user dll's ...
Registered in 0.001516 seconds.
Begin MonoManager ReloadAssembly
Native extension for WindowsStandalone target not found
Refreshing native plugins compatible for Editor in 0.38 ms, found 0 plugins.
Preloading 0 native plugins for Editor in 0.00 ms.
Mono: successfully reloaded assembly
- Completed reload, in  1.300 seconds
Platform modules already initialized, skipping
Refreshing native plugins compatible for Editor in 0.31 ms, found 0 plugins.
Preloading 0 native plugins for Editor in 0.00 ms.
Unloading 1227 Unused Serialized files (Serialized files now loaded: 0)
System memory in use before: 65.7 MB.
System memory in use after: 65.8 MB.

Unloading 7 unused Assets to reduce memory usage. Loaded Objects now: 1750.
Total: 1.435900 ms (FindLiveObjects: 0.136900 ms CreateObjectMapping: 0.036600 ms MarkObjects: 1.202600 ms  DeleteObjects: 0.059000 ms)

========================================================================
Received Import Request.
  Time since last request: 3782.509238 seconds.
  path: Assets/Animator/Zombie.controller
  artifactKey: Guid(2aa0db771fcedd744a4bc731460afcfa) Importer(815301076,1909f56bfc062723c751e8b465ee728b)
Start importing Assets/Animator/Zombie.controller using Guid(2aa0db771fcedd744a4bc731460afcfa) Importer(815301076,1909f56bfc062723c751e8b465ee728b)  -> (artifact id: '21fa6bbd2477e4dbe82472ffe77c67f8') in 0.433988 seconds
  Import took 0.456756 seconds .

========================================================================
Received Import Request.
  Time since last request: 16.379491 seconds.
  path: Assets/Zombie/Animations
  artifactKey: Guid(f3eea9b1c7ba62247acf479d69835474) Importer(815301076,1909f56bfc062723c751e8b465ee728b)
Start importing Assets/Zombie/Animations using Guid(f3eea9b1c7ba62247acf479d69835474) Importer(815301076,1909f56bfc062723c751e8b465ee728b)  -> (artifact id: '226dbbdee9df47482cffd96077ffafc7') in 0.006755 seconds
  Import took 0.019616 seconds .

========================================================================
Received Import Request.
  Time since last request: 2.189528 seconds.
  path: Assets/Zombie/Animations/Z_Attack.anim
  artifactKey: Guid(de559bbb071ebfd40ab5af80881e75e8) Importer(815301076,1909f56bfc062723c751e8b465ee728b)
Start importing Assets/Zombie/Animations/Z_Attack.anim using Guid(de559bbb071ebfd40ab5af80881e75e8) Importer(815301076,1909f56bfc062723c751e8b465ee728b)  -> (artifact id: '60972fd6882db13e83110f2dfcf8eef6') in 0.031008 seconds
  Import took 0.077142 seconds .

========================================================================
Received Import Request.
  Time since last request: 0.032923 seconds.
  path: Assets/Zombie/Animations/Z_Attack.anim
  artifactKey: Guid(de559bbb071ebfd40ab5af80881e75e8) Importer(815301076,1909f56bfc062723c751e8b465ee728b)
Start importing Assets/Zombie/Animations/Z_Attack.anim using Guid(de559bbb071ebfd40ab5af80881e75e8) Importer(815301076,1909f56bfc062723c751e8b465ee728b)  -> (artifact id: '60972fd6882db13e83110f2dfcf8eef6') in 0.038344 seconds
  Import took 0.068580 seconds .

========================================================================
Received Import Request.
  Time since last request: 20.589175 seconds.
  path: Assets/Zombie/Animations/Z_FallingBack.anim
  artifactKey: Guid(812aae90a9297f249908057eed4c0879) Importer(815301076,1909f56bfc062723c751e8b465ee728b)
Start importing Assets/Zombie/Animations/Z_FallingBack.anim using Guid(812aae90a9297f249908057eed4c0879) Importer(815301076,1909f56bfc062723c751e8b465ee728b)  -> (artifact id: '6ba9c9b37fec257db79a3e3121162a6a') in 0.019583 seconds
  Import took 0.050251 seconds .

========================================================================
Received Import Request.
  Time since last request: 3.774112 seconds.
  path: Assets/Zombie/Animations/Z_FallingForward.anim
  artifactKey: Guid(e44a892308e84194f9f7a5817a6285d7) Importer(815301076,1909f56bfc062723c751e8b465ee728b)
Start importing Assets/Zombie/Animations/Z_FallingForward.anim using Guid(e44a892308e84194f9f7a5817a6285d7) Importer(815301076,1909f56bfc062723c751e8b465ee728b)  -> (artifact id: '92ad7f4cd303139a460f85d2c953746c') in 0.018442 seconds
  Import took 0.021070 seconds .

========================================================================
Received Import Request.
  Time since last request: 0.000722 seconds.
  path: Assets/Zombie/Animations/Z_FallingForward.anim
  artifactKey: Guid(e44a892308e84194f9f7a5817a6285d7) Importer(815301076,1909f56bfc062723c751e8b465ee728b)
Start importing Assets/Zombie/Animations/Z_FallingForward.anim using Guid(e44a892308e84194f9f7a5817a6285d7) Importer(815301076,1909f56bfc062723c751e8b465ee728b)  -> (artifact id: '92ad7f4cd303139a460f85d2c953746c') in 0.013005 seconds
  Import took 0.015250 seconds .

========================================================================
Received Prepare
Registering precompiled user dll's ...
Registered in 0.001263 seconds.
Begin MonoManager ReloadAssembly
Native extension for WindowsStandalone target not found
Refreshing native plugins compatible for Editor in 0.25 ms, found 0 plugins.
Preloading 0 native plugins for Editor in 0.00 ms.
Mono: successfully reloaded assembly
- Completed reload, in  0.771 seconds
Platform modules already initialized, skipping
Refreshing native plugins compatible for Editor in 0.55 ms, found 0 plugins.
Preloading 0 native plugins for Editor in 0.00 ms.
Unloading 1227 Unused Serialized files (Serialized files now loaded: 0)
System memory in use before: 65.8 MB.
System memory in use after: 65.9 MB.

Unloading 7 unused Assets to reduce memory usage. Loaded Objects now: 1753.
Total: 61.428700 ms (FindLiveObjects: 4.544000 ms CreateObjectMapping: 0.119200 ms MarkObjects: 48.582100 ms  DeleteObjects: 8.180700 ms)

========================================================================
Received Prepare
Registering precompiled user dll's ...
Registered in 0.001628 seconds.
Begin MonoManager ReloadAssembly
Native extension for WindowsStandalone target not found
Refreshing native plugins compatible for Editor in 0.26 ms, found 0 plugins.
Preloading 0 native plugins for Editor in 0.00 ms.
Mono: successfully reloaded assembly
- Completed reload, in  0.761 seconds
Platform modules already initialized, skipping
Refreshing native plugins compatible for Editor in 0.24 ms, found 0 plugins.
Preloading 0 native plugins for Editor in 0.00 ms.
Unloading 1227 Unused Serialized files (Serialized files now loaded: 0)
System memory in use before: 65.8 MB.
System memory in use after: 65.9 MB.

Unloading 7 unused Assets to reduce memory usage. Loaded Objects now: 1756.
Total: 1.723700 ms (FindLiveObjects: 0.132900 ms CreateObjectMapping: 0.038100 ms MarkObjects: 1.505600 ms  DeleteObjects: 0.046200 ms)

========================================================================
Received Prepare
Registering precompiled user dll's ...
Registered in 0.001680 seconds.
Begin MonoManager ReloadAssembly
Native extension for WindowsStandalone target not found
Refreshing native plugins compatible for Editor in 0.24 ms, found 0 plugins.
Preloading 0 native plugins for Editor in 0.00 ms.
Mono: successfully reloaded assembly
- Completed reload, in  0.734 seconds
Platform modules already initialized, skipping
Refreshing native plugins compatible for Editor in 0.26 ms, found 0 plugins.
Preloading 0 native plugins for Editor in 0.00 ms.
Unloading 1227 Unused Serialized files (Serialized files now loaded: 0)
System memory in use before: 65.8 MB.
System memory in use after: 65.9 MB.

Unloading 7 unused Assets to reduce memory usage. Loaded Objects now: 1759.
Total: 1.900800 ms (FindLiveObjects: 0.296900 ms CreateObjectMapping: 0.066200 ms MarkObjects: 1.486000 ms  DeleteObjects: 0.049900 ms)

========================================================================
Received Prepare
Registering precompiled user dll's ...
Registered in 0.001421 seconds.
Begin MonoManager ReloadAssembly
Native extension for WindowsStandalone target not found
Refreshing native plugins compatible for Editor in 0.31 ms, found 0 plugins.
Preloading 0 native plugins for Editor in 0.00 ms.
Mono: successfully reloaded assembly
- Completed reload, in  0.862 seconds
Platform modules already initialized, skipping
Refreshing native plugins compatible for Editor in 0.61 ms, found 0 plugins.
Preloading 0 native plugins for Editor in 0.00 ms.
Unloading 1227 Unused Serialized files (Serialized files now loaded: 0)
System memory in use before: 65.8 MB.
System memory in use after: 65.9 MB.

Unloading 7 unused Assets to reduce memory usage. Loaded Objects now: 1762.
Total: 2.078800 ms (FindLiveObjects: 0.216700 ms CreateObjectMapping: 0.050100 ms MarkObjects: 1.762900 ms  DeleteObjects: 0.048300 ms)

========================================================================
Received Prepare
Registering precompiled user dll's ...
Registered in 0.001118 seconds.
Begin MonoManager ReloadAssembly
Native extension for WindowsStandalone target not found
Refreshing native plugins compatible for Editor in 0.24 ms, found 0 plugins.
Preloading 0 native plugins for Editor in 0.00 ms.
Mono: successfully reloaded assembly
- Completed reload, in  0.791 seconds
Platform modules already initialized, skipping
Refreshing native plugins compatible for Editor in 0.33 ms, found 0 plugins.
Preloading 0 native plugins for Editor in 0.00 ms.
Unloading 1227 Unused Serialized files (Serialized files now loaded: 0)
System memory in use before: 65.8 MB.
System memory in use after: 65.9 MB.

Unloading 7 unused Assets to reduce memory usage. Loaded Objects now: 1765.
Total: 1.643200 ms (FindLiveObjects: 0.129900 ms CreateObjectMapping: 0.036500 ms MarkObjects: 1.428100 ms  DeleteObjects: 0.047900 ms)

========================================================================
Received Prepare
Registering precompiled user dll's ...
Registered in 0.001584 seconds.
Begin MonoManager ReloadAssembly
Native extension for WindowsStandalone target not found
Refreshing native plugins compatible for Editor in 0.25 ms, found 0 plugins.
Preloading 0 native plugins for Editor in 0.00 ms.
Mono: successfully reloaded assembly
- Completed reload, in  0.728 seconds
Platform modules already initialized, skipping
Refreshing native plugins compatible for Editor in 0.38 ms, found 0 plugins.
Preloading 0 native plugins for Editor in 0.00 ms.
Unloading 1227 Unused Serialized files (Serialized files now loaded: 0)
System memory in use before: 65.9 MB.
System memory in use after: 65.9 MB.

Unloading 7 unused Assets to reduce memory usage. Loaded Objects now: 1768.
Total: 1.753500 ms (FindLiveObjects: 0.163700 ms CreateObjectMapping: 0.031200 ms MarkObjects: 1.511200 ms  DeleteObjects: 0.046300 ms)

========================================================================
Received Import Request.
  Time since last request: 6837.262441 seconds.
  path: Assets/Zombie/Animations/Z_Attack.anim
  artifactKey: Guid(de559bbb071ebfd40ab5af80881e75e8) Importer(815301076,1909f56bfc062723c751e8b465ee728b)
Start importing Assets/Zombie/Animations/Z_Attack.anim using Guid(de559bbb071ebfd40ab5af80881e75e8) Importer(815301076,1909f56bfc062723c751e8b465ee728b)  -> (artifact id: '824401510d3b0234cd9c1435d0ed68a2') in 0.093431 seconds
  Import took 0.096496 seconds .

========================================================================
Received Import Request.
  Time since last request: 148.410317 seconds.
  path: Assets/Old Sea Port/EffectExamples/FireExplosionEffects/Materials/FlameRoundYellowParticle.mat
  artifactKey: Guid(d7f098ed9997e714193be5e86df013f4) Importer(815301076,1909f56bfc062723c751e8b465ee728b)
Start importing Assets/Old Sea Port/EffectExamples/FireExplosionEffects/Materials/FlameRoundYellowParticle.mat using Guid(d7f098ed9997e714193be5e86df013f4) Importer(815301076,1909f56bfc062723c751e8b465ee728b)  -> (artifact id: '0d97281febf760540fc327942a07d1b4') in 1.134800 seconds
  Import took 1.158154 seconds .

========================================================================
Received Prepare
Registering precompiled user dll's ...
Registered in 0.002009 seconds.
Begin MonoManager ReloadAssembly
Native extension for WindowsStandalone target not found
Refreshing native plugins compatible for Editor in 0.26 ms, found 0 plugins.
Preloading 0 native plugins for Editor in 0.00 ms.
Mono: successfully reloaded assembly
- Completed reload, in  0.923 seconds
Platform modules already initialized, skipping
Refreshing native plugins compatible for Editor in 0.33 ms, found 0 plugins.
Preloading 0 native plugins for Editor in 0.00 ms.
Unloading 1227 Unused Serialized files (Serialized files now loaded: 0)
System memory in use before: 69.2 MB.
System memory in use after: 69.3 MB.

Unloading 7 unused Assets to reduce memory usage. Loaded Objects now: 1811.
Total: 2.145000 ms (FindLiveObjects: 0.220200 ms CreateObjectMapping: 0.056800 ms MarkObjects: 1.802700 ms  DeleteObjects: 0.063800 ms)

========================================================================
Received Prepare
Registering precompiled user dll's ...
Registered in 0.001285 seconds.
Begin MonoManager ReloadAssembly
Native extension for WindowsStandalone target not found
Refreshing native plugins compatible for Editor in 0.34 ms, found 0 plugins.
Preloading 0 native plugins for Editor in 0.00 ms.
Mono: successfully reloaded assembly
- Completed reload, in  0.859 seconds
Platform modules already initialized, skipping
Refreshing native plugins compatible for Editor in 0.34 ms, found 0 plugins.
Preloading 0 native plugins for Editor in 0.00 ms.
Unloading 1227 Unused Serialized files (Serialized files now loaded: 0)
System memory in use before: 69.2 MB.
System memory in use after: 69.3 MB.

Unloading 7 unused Assets to reduce memory usage. Loaded Objects now: 1814.
Total: 1.888500 ms (FindLiveObjects: 0.155900 ms CreateObjectMapping: 0.037100 ms MarkObjects: 1.637200 ms  DeleteObjects: 0.057300 ms)

========================================================================
Received Prepare
Registering precompiled user dll's ...
Registered in 0.001095 seconds.
Begin MonoManager ReloadAssembly
Native extension for WindowsStandalone target not found
Refreshing native plugins compatible for Editor in 0.25 ms, found 0 plugins.
Preloading 0 native plugins for Editor in 0.00 ms.
Mono: successfully reloaded assembly
- Completed reload, in  0.711 seconds
Platform modules already initialized, skipping
Refreshing native plugins compatible for Editor in 0.30 ms, found 0 plugins.
Preloading 0 native plugins for Editor in 0.00 ms.
Unloading 1227 Unused Serialized files (Serialized files now loaded: 0)
System memory in use before: 69.2 MB.
System memory in use after: 69.3 MB.

Unloading 7 unused Assets to reduce memory usage. Loaded Objects now: 1817.
Total: 2.080300 ms (FindLiveObjects: 0.299200 ms CreateObjectMapping: 0.078900 ms MarkObjects: 1.653300 ms  DeleteObjects: 0.047500 ms)

========================================================================
Received Prepare
Registering precompiled user dll's ...
Registered in 0.001370 seconds.
Begin MonoManager ReloadAssembly
Native extension for WindowsStandalone target not found
Refreshing native plugins compatible for Editor in 0.37 ms, found 0 plugins.
Preloading 0 native plugins for Editor in 0.00 ms.
Mono: successfully reloaded assembly
- Completed reload, in  0.721 seconds
Platform modules already initialized, skipping
Refreshing native plugins compatible for Editor in 0.25 ms, found 0 plugins.
Preloading 0 native plugins for Editor in 0.00 ms.
Unloading 1227 Unused Serialized files (Serialized files now loaded: 0)
System memory in use before: 69.2 MB.
System memory in use after: 69.3 MB.

Unloading 7 unused Assets to reduce memory usage. Loaded Objects now: 1820.
Total: 1.751800 ms (FindLiveObjects: 0.140100 ms CreateObjectMapping: 0.032400 ms MarkObjects: 1.531100 ms  DeleteObjects: 0.047100 ms)

========================================================================
Received Prepare
Registering precompiled user dll's ...
Registered in 0.001331 seconds.
Begin MonoManager ReloadAssembly
Native extension for WindowsStandalone target not found
Refreshing native plugins compatible for Editor in 0.32 ms, found 0 plugins.
Preloading 0 native plugins for Editor in 0.00 ms.
Mono: successfully reloaded assembly
- Completed reload, in  0.850 seconds
Platform modules already initialized, skipping
Refreshing native plugins compatible for Editor in 0.42 ms, found 0 plugins.
Preloading 0 native plugins for Editor in 0.00 ms.
Unloading 1227 Unused Serialized files (Serialized files now loaded: 0)
System memory in use before: 69.2 MB.
System memory in use after: 69.3 MB.

Unloading 7 unused Assets to reduce memory usage. Loaded Objects now: 1823.
Total: 2.419200 ms (FindLiveObjects: 0.285600 ms CreateObjectMapping: 0.099800 ms MarkObjects: 1.977900 ms  DeleteObjects: 0.054400 ms)

========================================================================
Received Prepare
Registering precompiled user dll's ...
Registered in 0.001258 seconds.
Begin MonoManager ReloadAssembly
Native extension for WindowsStandalone target not found
Refreshing native plugins compatible for Editor in 0.25 ms, found 0 plugins.
Preloading 0 native plugins for Editor in 0.00 ms.
Mono: successfully reloaded assembly
- Completed reload, in  0.784 seconds
Platform modules already initialized, skipping
Refreshing native plugins compatible for Editor in 0.45 ms, found 0 plugins.
Preloading 0 native plugins for Editor in 0.00 ms.
Unloading 1227 Unused Serialized files (Serialized files now loaded: 0)
System memory in use before: 69.2 MB.
System memory in use after: 69.3 MB.

Unloading 7 unused Assets to reduce memory usage. Loaded Objects now: 1826.
Total: 2.190900 ms (FindLiveObjects: 0.289600 ms CreateObjectMapping: 0.059300 ms MarkObjects: 1.791700 ms  DeleteObjects: 0.049000 ms)

========================================================================
Received Prepare
Registering precompiled user dll's ...
Registered in 0.001311 seconds.
Begin MonoManager ReloadAssembly
Native extension for WindowsStandalone target not found
Refreshing native plugins compatible for Editor in 0.27 ms, found 0 plugins.
Preloading 0 native plugins for Editor in 0.00 ms.
Mono: successfully reloaded assembly
- Completed reload, in  0.881 seconds
Platform modules already initialized, skipping
Refreshing native plugins compatible for Editor in 0.31 ms, found 0 plugins.
Preloading 0 native plugins for Editor in 0.00 ms.
Unloading 1227 Unused Serialized files (Serialized files now loaded: 0)
System memory in use before: 69.2 MB.
System memory in use after: 69.3 MB.

Unloading 7 unused Assets to reduce memory usage. Loaded Objects now: 1829.
Total: 1.946500 ms (FindLiveObjects: 0.222100 ms CreateObjectMapping: 0.052100 ms MarkObjects: 1.588900 ms  DeleteObjects: 0.082200 ms)

========================================================================
Received Prepare
Registering precompiled user dll's ...
Registered in 0.001294 seconds.
Begin MonoManager ReloadAssembly
Native extension for WindowsStandalone target not found
Refreshing native plugins compatible for Editor in 0.25 ms, found 0 plugins.
Preloading 0 native plugins for Editor in 0.00 ms.
Mono: successfully reloaded assembly
- Completed reload, in  0.702 seconds
Platform modules already initialized, skipping
Refreshing native plugins compatible for Editor in 0.25 ms, found 0 plugins.
Preloading 0 native plugins for Editor in 0.00 ms.
Unloading 1227 Unused Serialized files (Serialized files now loaded: 0)
System memory in use before: 69.2 MB.
System memory in use after: 69.3 MB.

Unloading 7 unused Assets to reduce memory usage. Loaded Objects now: 1832.
Total: 1.820800 ms (FindLiveObjects: 0.154200 ms CreateObjectMapping: 0.033300 ms MarkObjects: 1.580400 ms  DeleteObjects: 0.052100 ms)

========================================================================
Received Prepare
Registering precompiled user dll's ...
Registered in 0.001402 seconds.
Begin MonoManager ReloadAssembly
Native extension for WindowsStandalone target not found
Refreshing native plugins compatible for Editor in 0.27 ms, found 0 plugins.
Preloading 0 native plugins for Editor in 0.00 ms.
Mono: successfully reloaded assembly
- Completed reload, in  0.804 seconds
Platform modules already initialized, skipping
Refreshing native plugins compatible for Editor in 0.39 ms, found 0 plugins.
Preloading 0 native plugins for Editor in 0.00 ms.
Unloading 1227 Unused Serialized files (Serialized files now loaded: 0)
System memory in use before: 69.2 MB.
System memory in use after: 69.3 MB.

Unloading 7 unused Assets to reduce memory usage. Loaded Objects now: 1835.
Total: 2.010400 ms (FindLiveObjects: 0.305200 ms CreateObjectMapping: 0.044400 ms MarkObjects: 1.600200 ms  DeleteObjects: 0.059900 ms)

========================================================================
Received Prepare
Registering precompiled user dll's ...
Registered in 0.001133 seconds.
Begin MonoManager ReloadAssembly
Native extension for WindowsStandalone target not found
Refreshing native plugins compatible for Editor in 0.26 ms, found 0 plugins.
Preloading 0 native plugins for Editor in 0.00 ms.
Mono: successfully reloaded assembly
- Completed reload, in  0.734 seconds
Platform modules already initialized, skipping
Refreshing native plugins compatible for Editor in 0.24 ms, found 0 plugins.
Preloading 0 native plugins for Editor in 0.00 ms.
Unloading 1227 Unused Serialized files (Serialized files now loaded: 0)
System memory in use before: 69.2 MB.
System memory in use after: 69.3 MB.

Unloading 7 unused Assets to reduce memory usage. Loaded Objects now: 1838.
Total: 1.777700 ms (FindLiveObjects: 0.152500 ms CreateObjectMapping: 0.033400 ms MarkObjects: 1.544100 ms  DeleteObjects: 0.046800 ms)

========================================================================
Received Prepare
Registering precompiled user dll's ...
Registered in 0.001559 seconds.
Begin MonoManager ReloadAssembly
Native extension for WindowsStandalone target not found
Refreshing native plugins compatible for Editor in 0.44 ms, found 0 plugins.
Preloading 0 native plugins for Editor in 0.00 ms.
Mono: successfully reloaded assembly
- Completed reload, in  0.863 seconds
Platform modules already initialized, skipping
Refreshing native plugins compatible for Editor in 0.26 ms, found 0 plugins.
Preloading 0 native plugins for Editor in 0.00 ms.
Unloading 1227 Unused Serialized files (Serialized files now loaded: 0)
System memory in use before: 69.2 MB.
System memory in use after: 69.3 MB.

Unloading 7 unused Assets to reduce memory usage. Loaded Objects now: 1841.
Total: 2.289200 ms (FindLiveObjects: 0.281300 ms CreateObjectMapping: 0.064000 ms MarkObjects: 1.870500 ms  DeleteObjects: 0.072000 ms)

========================================================================
Received Prepare
Registering precompiled user dll's ...
Registered in 0.001288 seconds.
Begin MonoManager ReloadAssembly
Native extension for WindowsStandalone target not found
Refreshing native plugins compatible for Editor in 0.26 ms, found 0 plugins.
Preloading 0 native plugins for Editor in 0.00 ms.
Mono: successfully reloaded assembly
- Completed reload, in  0.755 seconds
Platform modules already initialized, skipping
Refreshing native plugins compatible for Editor in 0.24 ms, found 0 plugins.
Preloading 0 native plugins for Editor in 0.00 ms.
Unloading 1227 Unused Serialized files (Serialized files now loaded: 0)
System memory in use before: 69.1 MB.
System memory in use after: 69.2 MB.

Unloading 7 unused Assets to reduce memory usage. Loaded Objects now: 1844.
Total: 1.960000 ms (FindLiveObjects: 0.135200 ms CreateObjectMapping: 0.034000 ms MarkObjects: 1.734700 ms  DeleteObjects: 0.055400 ms)

========================================================================
Received Prepare
Registering precompiled user dll's ...
Registered in 0.001446 seconds.
Begin MonoManager ReloadAssembly
Native extension for WindowsStandalone target not found
Refreshing native plugins compatible for Editor in 0.52 ms, found 0 plugins.
Preloading 0 native plugins for Editor in 0.00 ms.
Mono: successfully reloaded assembly
- Completed reload, in  0.873 seconds
Platform modules already initialized, skipping
Refreshing native plugins compatible for Editor in 0.43 ms, found 0 plugins.
Preloading 0 native plugins for Editor in 0.00 ms.
Unloading 1227 Unused Serialized files (Serialized files now loaded: 0)
System memory in use before: 69.1 MB.
System memory in use after: 69.2 MB.

Unloading 7 unused Assets to reduce memory usage. Loaded Objects now: 1847.
Total: 1.967900 ms (FindLiveObjects: 0.152300 ms CreateObjectMapping: 0.039200 ms MarkObjects: 1.712400 ms  DeleteObjects: 0.062800 ms)

========================================================================
Received Prepare
Registering precompiled user dll's ...
Registered in 0.001140 seconds.
Begin MonoManager ReloadAssembly
Native extension for WindowsStandalone target not found
Refreshing native plugins compatible for Editor in 0.24 ms, found 0 plugins.
Preloading 0 native plugins for Editor in 0.00 ms.
Mono: successfully reloaded assembly
- Completed reload, in  0.766 seconds
Platform modules already initialized, skipping
Refreshing native plugins compatible for Editor in 0.62 ms, found 0 plugins.
Preloading 0 native plugins for Editor in 0.00 ms.
Unloading 1227 Unused Serialized files (Serialized files now loaded: 0)
System memory in use before: 69.1 MB.
System memory in use after: 69.2 MB.

Unloading 7 unused Assets to reduce memory usage. Loaded Objects now: 1850.
Total: 1.708300 ms (FindLiveObjects: 0.141800 ms CreateObjectMapping: 0.034400 ms MarkObjects: 1.482300 ms  DeleteObjects: 0.048900 ms)

========================================================================
Received Prepare
Registering precompiled user dll's ...
Registered in 0.001137 seconds.
Begin MonoManager ReloadAssembly
Native extension for WindowsStandalone target not found
Refreshing native plugins compatible for Editor in 0.28 ms, found 0 plugins.
Preloading 0 native plugins for Editor in 0.00 ms.
Mono: successfully reloaded assembly
- Completed reload, in  0.735 seconds
Platform modules already initialized, skipping
Refreshing native plugins compatible for Editor in 0.28 ms, found 0 plugins.
Preloading 0 native plugins for Editor in 0.00 ms.
Unloading 1227 Unused Serialized files (Serialized files now loaded: 0)
System memory in use before: 69.1 MB.
System memory in use after: 69.2 MB.

Unloading 7 unused Assets to reduce memory usage. Loaded Objects now: 1853.
Total: 1.984600 ms (FindLiveObjects: 0.168000 ms CreateObjectMapping: 0.037700 ms MarkObjects: 1.708300 ms  DeleteObjects: 0.069900 ms)

========================================================================
Received Prepare
Registering precompiled user dll's ...
Registered in 0.001170 seconds.
Begin MonoManager ReloadAssembly
Native extension for WindowsStandalone target not found
Refreshing native plugins compatible for Editor in 0.24 ms, found 0 plugins.
Preloading 0 native plugins for Editor in 0.00 ms.
Mono: successfully reloaded assembly
- Completed reload, in  0.750 seconds
Platform modules already initialized, skipping
Refreshing native plugins compatible for Editor in 0.58 ms, found 0 plugins.
Preloading 0 native plugins for Editor in 0.00 ms.
Unloading 1227 Unused Serialized files (Serialized files now loaded: 0)
System memory in use before: 69.2 MB.
System memory in use after: 69.2 MB.

Unloading 7 unused Assets to reduce memory usage. Loaded Objects now: 1856.
Total: 1.837200 ms (FindLiveObjects: 0.145100 ms CreateObjectMapping: 0.032300 ms MarkObjects: 1.610300 ms  DeleteObjects: 0.048600 ms)

========================================================================
Received Prepare
Registering precompiled user dll's ...
Registered in 0.001144 seconds.
Begin MonoManager ReloadAssembly
Native extension for WindowsStandalone target not found
Refreshing native plugins compatible for Editor in 0.25 ms, found 0 plugins.
Preloading 0 native plugins for Editor in 0.00 ms.
Mono: successfully reloaded assembly
- Completed reload, in  0.752 seconds
Platform modules already initialized, skipping
Refreshing native plugins compatible for Editor in 0.24 ms, found 0 plugins.
Preloading 0 native plugins for Editor in 0.00 ms.
Unloading 1227 Unused Serialized files (Serialized files now loaded: 0)
System memory in use before: 69.2 MB.
System memory in use after: 69.2 MB.

Unloading 7 unused Assets to reduce memory usage. Loaded Objects now: 1859.
Total: 1.863800 ms (FindLiveObjects: 0.146500 ms CreateObjectMapping: 0.037500 ms MarkObjects: 1.627800 ms  DeleteObjects: 0.051300 ms)

========================================================================
Received Prepare
Registering precompiled user dll's ...
Registered in 0.001700 seconds.
Begin MonoManager ReloadAssembly
Native extension for WindowsStandalone target not found
Refreshing native plugins compatible for Editor in 0.29 ms, found 0 plugins.
Preloading 0 native plugins for Editor in 0.00 ms.
Mono: successfully reloaded assembly
- Completed reload, in  0.897 seconds
Platform modules already initialized, skipping
Refreshing native plugins compatible for Editor in 0.34 ms, found 0 plugins.
Preloading 0 native plugins for Editor in 0.00 ms.
Unloading 1227 Unused Serialized files (Serialized files now loaded: 0)
System memory in use before: 69.2 MB.
System memory in use after: 69.2 MB.

Unloading 7 unused Assets to reduce memory usage. Loaded Objects now: 1862.
Total: 3.357600 ms (FindLiveObjects: 0.249700 ms CreateObjectMapping: 0.047400 ms MarkObjects: 2.971900 ms  DeleteObjects: 0.086800 ms)

========================================================================
Received Prepare
Registering precompiled user dll's ...
Registered in 0.001112 seconds.
Begin MonoManager ReloadAssembly
Native extension for WindowsStandalone target not found
Refreshing native plugins compatible for Editor in 0.25 ms, found 0 plugins.
Preloading 0 native plugins for Editor in 0.00 ms.
Mono: successfully reloaded assembly
- Completed reload, in  0.730 seconds
Platform modules already initialized, skipping
Refreshing native plugins compatible for Editor in 0.24 ms, found 0 plugins.
Preloading 0 native plugins for Editor in 0.00 ms.
Unloading 1227 Unused Serialized files (Serialized files now loaded: 0)
System memory in use before: 69.2 MB.
System memory in use after: 69.2 MB.

Unloading 7 unused Assets to reduce memory usage. Loaded Objects now: 1865.
Total: 2.246000 ms (FindLiveObjects: 0.148600 ms CreateObjectMapping: 0.035600 ms MarkObjects: 2.002400 ms  DeleteObjects: 0.058400 ms)

========================================================================
Received Prepare
Registering precompiled user dll's ...
Registered in 0.001422 seconds.
Begin MonoManager ReloadAssembly
Native extension for WindowsStandalone target not found
Refreshing native plugins compatible for Editor in 0.28 ms, found 0 plugins.
Preloading 0 native plugins for Editor in 0.00 ms.
Mono: successfully reloaded assembly
- Completed reload, in  0.978 seconds
Platform modules already initialized, skipping
Refreshing native plugins compatible for Editor in 0.26 ms, found 0 plugins.
Preloading 0 native plugins for Editor in 0.00 ms.
Unloading 1227 Unused Serialized files (Serialized files now loaded: 0)
System memory in use before: 69.2 MB.
System memory in use after: 69.3 MB.

Unloading 7 unused Assets to reduce memory usage. Loaded Objects now: 1868.
Total: 2.340800 ms (FindLiveObjects: 0.169400 ms CreateObjectMapping: 0.039200 ms MarkObjects: 2.030400 ms  DeleteObjects: 0.099600 ms)

========================================================================
Received Prepare
Registering precompiled user dll's ...
Registered in 0.001155 seconds.
Begin MonoManager ReloadAssembly
Native extension for WindowsStandalone target not found
Refreshing native plugins compatible for Editor in 0.40 ms, found 0 plugins.
Preloading 0 native plugins for Editor in 0.00 ms.
Mono: successfully reloaded assembly
- Completed reload, in  0.736 seconds
Platform modules already initialized, skipping
Refreshing native plugins compatible for Editor in 0.26 ms, found 0 plugins.
Preloading 0 native plugins for Editor in 0.00 ms.
Unloading 1227 Unused Serialized files (Serialized files now loaded: 0)
System memory in use before: 69.2 MB.
System memory in use after: 69.3 MB.

Unloading 7 unused Assets to reduce memory usage. Loaded Objects now: 1871.
Total: 1.635700 ms (FindLiveObjects: 0.167800 ms CreateObjectMapping: 0.040200 ms MarkObjects: 1.361400 ms  DeleteObjects: 0.065200 ms)

========================================================================
Received Prepare
Registering precompiled user dll's ...
Registered in 0.001113 seconds.
Begin MonoManager ReloadAssembly
Native extension for WindowsStandalone target not found
Refreshing native plugins compatible for Editor in 0.25 ms, found 0 plugins.
Preloading 0 native plugins for Editor in 0.00 ms.
Mono: successfully reloaded assembly
- Completed reload, in  0.745 seconds
Platform modules already initialized, skipping
Refreshing native plugins compatible for Editor in 0.38 ms, found 0 plugins.
Preloading 0 native plugins for Editor in 0.00 ms.
Unloading 1227 Unused Serialized files (Serialized files now loaded: 0)
System memory in use before: 69.2 MB.
System memory in use after: 69.3 MB.

Unloading 7 unused Assets to reduce memory usage. Loaded Objects now: 1874.
Total: 1.851000 ms (FindLiveObjects: 0.137800 ms CreateObjectMapping: 0.034400 ms MarkObjects: 1.627100 ms  DeleteObjects: 0.050800 ms)

========================================================================
Received Prepare
Registering precompiled user dll's ...
Registered in 0.001370 seconds.
Begin MonoManager ReloadAssembly
Native extension for WindowsStandalone target not found
Refreshing native plugins compatible for Editor in 0.27 ms, found 0 plugins.
Preloading 0 native plugins for Editor in 0.00 ms.
Mono: successfully reloaded assembly
- Completed reload, in  0.860 seconds
Platform modules already initialized, skipping
Refreshing native plugins compatible for Editor in 0.37 ms, found 0 plugins.
Preloading 0 native plugins for Editor in 0.00 ms.
Unloading 1227 Unused Serialized files (Serialized files now loaded: 0)
System memory in use before: 69.2 MB.
System memory in use after: 69.3 MB.

Unloading 7 unused Assets to reduce memory usage. Loaded Objects now: 1877.
Total: 2.062800 ms (FindLiveObjects: 0.177200 ms CreateObjectMapping: 0.049600 ms MarkObjects: 1.741900 ms  DeleteObjects: 0.092800 ms)

========================================================================
Received Prepare
Registering precompiled user dll's ...
Registered in 0.001347 seconds.
Begin MonoManager ReloadAssembly
Native extension for WindowsStandalone target not found
Refreshing native plugins compatible for Editor in 0.27 ms, found 0 plugins.
Preloading 0 native plugins for Editor in 0.00 ms.
Mono: successfully reloaded assembly
- Completed reload, in  0.861 seconds
Platform modules already initialized, skipping
Refreshing native plugins compatible for Editor in 0.56 ms, found 0 plugins.
Preloading 0 native plugins for Editor in 0.00 ms.
Unloading 1227 Unused Serialized files (Serialized files now loaded: 0)
System memory in use before: 69.2 MB.
System memory in use after: 69.3 MB.

Unloading 7 unused Assets to reduce memory usage. Loaded Objects now: 1880.
Total: 1.700600 ms (FindLiveObjects: 0.160200 ms CreateObjectMapping: 0.040400 ms MarkObjects: 1.449000 ms  DeleteObjects: 0.050100 ms)

========================================================================
Received Prepare
Registering precompiled user dll's ...
Registered in 0.001128 seconds.
Begin MonoManager ReloadAssembly
Native extension for WindowsStandalone target not found
Refreshing native plugins compatible for Editor in 0.36 ms, found 0 plugins.
Preloading 0 native plugins for Editor in 0.00 ms.
Mono: successfully reloaded assembly
- Completed reload, in  0.795 seconds
Platform modules already initialized, skipping
Refreshing native plugins compatible for Editor in 0.24 ms, found 0 plugins.
Preloading 0 native plugins for Editor in 0.00 ms.
Unloading 1227 Unused Serialized files (Serialized files now loaded: 0)
System memory in use before: 69.2 MB.
System memory in use after: 69.3 MB.

Unloading 7 unused Assets to reduce memory usage. Loaded Objects now: 1883.
Total: 1.496400 ms (FindLiveObjects: 0.129500 ms CreateObjectMapping: 0.033700 ms MarkObjects: 1.281400 ms  DeleteObjects: 0.050700 ms)

========================================================================
Received Import Request.
  Time since last request: 4131.603426 seconds.
  path: Assets/MK23/Materials/Aim_points.mat
  artifactKey: Guid(ee0cb70bf54ce344ca9003ad8bc19c9c) Importer(815301076,1909f56bfc062723c751e8b465ee728b)
Start importing Assets/MK23/Materials/Aim_points.mat using Guid(ee0cb70bf54ce344ca9003ad8bc19c9c) Importer(815301076,1909f56bfc062723c751e8b465ee728b)  -> (artifact id: '1bfbb27856720054e4f7de68d227166c') in 0.884735 seconds
  Import took 0.891273 seconds .

========================================================================
Received Import Request.
  Time since last request: 0.000261 seconds.
  path: Assets/MK23/Materials/Main_02.mat
  artifactKey: Guid(a6c551b007bdba74e9a2bd6681eacd65) Importer(815301076,1909f56bfc062723c751e8b465ee728b)
Start importing Assets/MK23/Materials/Main_02.mat using Guid(a6c551b007bdba74e9a2bd6681eacd65) Importer(815301076,1909f56bfc062723c751e8b465ee728b)  -> (artifact id: '619d9dda8088fd001ad25dfd1b43e68f') in 0.030836 seconds
  Import took 0.044995 seconds .

========================================================================
Received Import Request.
  Time since last request: 0.000325 seconds.
  path: Assets/MK23/Materials/Bullet_in_magazine.mat
  artifactKey: Guid(decd283e945fce44a94716e7086f1151) Importer(815301076,1909f56bfc062723c751e8b465ee728b)
Start importing Assets/MK23/Materials/Bullet_in_magazine.mat using Guid(decd283e945fce44a94716e7086f1151) Importer(815301076,1909f56bfc062723c751e8b465ee728b)  -> (artifact id: '7b23732c147b290f7b1ca0c22e397372') in 0.047623 seconds
  Import took 0.050678 seconds .

========================================================================
Received Import Request.
  Time since last request: 0.000297 seconds.
  path: Assets/MK23/Materials/Main_01.mat
  artifactKey: Guid(e5f4927877780074ea27d1dcf1f37b08) Importer(815301076,1909f56bfc062723c751e8b465ee728b)
Start importing Assets/MK23/Materials/Main_01.mat using Guid(e5f4927877780074ea27d1dcf1f37b08) Importer(815301076,1909f56bfc062723c751e8b465ee728b)  -> (artifact id: '878c62c6600508df858ba426dc452366') in 0.026724 seconds
  Import took 0.043198 seconds .

========================================================================
Received Import Request.
  Time since last request: 0.029183 seconds.
  path: Assets/MK23/textures/Mark23_normal.png
  artifactKey: Guid(7b3226b150600d843ae25863ff13eaea) Importer(815301076,1909f56bfc062723c751e8b465ee728b)
Start importing Assets/MK23/textures/Mark23_normal.png using Guid(7b3226b150600d843ae25863ff13eaea) Importer(815301076,1909f56bfc062723c751e8b465ee728b)  -> (artifact id: '132044010e009b647a25ef9b007692ec') in 0.111997 seconds
  Import took 0.125657 seconds .

========================================================================
Received Import Request.
  Time since last request: 0.000200 seconds.
  path: Assets/MK23/textures/MK23_texture.png
  artifactKey: Guid(f379424473e60d64a941e0a1c1d04817) Importer(815301076,1909f56bfc062723c751e8b465ee728b)
Start importing Assets/MK23/textures/MK23_texture.png using Guid(f379424473e60d64a941e0a1c1d04817) Importer(815301076,1909f56bfc062723c751e8b465ee728b)  -> (artifact id: '9e0a23dba2917ba935ceccbd4bca807f') in 0.011677 seconds
  Import took 0.013827 seconds .

========================================================================
Received Import Request.
  Time since last request: 0.000227 seconds.
  path: Assets/MK23/textures/Metallic_map.png
  artifactKey: Guid(3456a4a5cc05cff4cb550c141f8e60fa) Importer(815301076,1909f56bfc062723c751e8b465ee728b)
Start importing Assets/MK23/textures/Metallic_map.png using Guid(3456a4a5cc05cff4cb550c141f8e60fa) Importer(815301076,1909f56bfc062723c751e8b465ee728b)  -> (artifact id: 'cd0b5cff3a2295055d9b46d5210f8eee') in 0.010621 seconds
  Import took 0.012947 seconds .

========================================================================
Received Import Request.
  Time since last request: 1.032812 seconds.
  path: Assets/MK23/mesh/mk23.fbx
  artifactKey: Guid(cd515b97cbaf4064f925d34ef9b15db9) Importer(815301076,1909f56bfc062723c751e8b465ee728b)
Start importing Assets/MK23/mesh/mk23.fbx using Guid(cd515b97cbaf4064f925d34ef9b15db9) Importer(815301076,1909f56bfc062723c751e8b465ee728b)  -> (artifact id: '29704630a3b7e6dad1f6c51577f14d55') in 0.245193 seconds
  Import took 0.248018 seconds .

========================================================================
Received Import Request.
  Time since last request: 34.079436 seconds.
  path: Assets/MK23/mk23_prefab.prefab
  artifactKey: Guid(3e9181a0a30377b428d6e274aad80fb9) Importer(815301076,1909f56bfc062723c751e8b465ee728b)
Start importing Assets/MK23/mk23_prefab.prefab using Guid(3e9181a0a30377b428d6e274aad80fb9) Importer(815301076,1909f56bfc062723c751e8b465ee728b)  -> (artifact id: '4ae7fb62ebce6535288236e1627a5d72') in 0.028618 seconds
  Import took 0.031751 seconds .

========================================================================
Received Prepare
Registering precompiled user dll's ...
Registered in 0.002250 seconds.
Begin MonoManager ReloadAssembly
Native extension for WindowsStandalone target not found
Refreshing native plugins compatible for Editor in 0.27 ms, found 0 plugins.
Preloading 0 native plugins for Editor in 0.00 ms.
Mono: successfully reloaded assembly
- Completed reload, in  0.745 seconds
Platform modules already initialized, skipping
Refreshing native plugins compatible for Editor in 0.33 ms, found 0 plugins.
Preloading 0 native plugins for Editor in 0.00 ms.
Unloading 1227 Unused Serialized files (Serialized files now loaded: 0)
System memory in use before: 83.0 MB.
System memory in use after: 83.1 MB.

Unloading 7 unused Assets to reduce memory usage. Loaded Objects now: 1894.
Total: 1.874000 ms (FindLiveObjects: 0.162400 ms CreateObjectMapping: 0.033000 ms MarkObjects: 1.619900 ms  DeleteObjects: 0.057900 ms)

========================================================================
Received Import Request.
  Time since last request: 80.017997 seconds.
  path: Assets/MK23/mesh
  artifactKey: Guid(ac38df2eca6736241a362b3252472aca) Importer(815301076,1909f56bfc062723c751e8b465ee728b)
Start importing Assets/MK23/mesh using Guid(ac38df2eca6736241a362b3252472aca) Importer(815301076,1909f56bfc062723c751e8b465ee728b)  -> (artifact id: '3438581064d55c98b2154c3135bdbe1e') in 0.007414 seconds
  Import took 0.021986 seconds .

========================================================================
Received Import Request.
  Time since last request: 87.582116 seconds.
  path: Assets
  artifactKey: Guid(00000000000000001000000000000000) Importer(815301076,1909f56bfc062723c751e8b465ee728b)
Start importing Assets using Guid(00000000000000001000000000000000) Importer(815301076,1909f56bfc062723c751e8b465ee728b)  -> (artifact id: '42d402b061de3733987d63b9cc3b64de') in 0.006345 seconds
  Import took 0.010270 seconds .

========================================================================
Received Import Request.
  Time since last request: 9.346142 seconds.
  path: Assets/LineRendererA.mat
  artifactKey: Guid(9ca85eeeb7a9e034bbf6e1d4f4cb2965) Importer(815301076,1909f56bfc062723c751e8b465ee728b)
Start importing Assets/LineRendererA.mat using Guid(9ca85eeeb7a9e034bbf6e1d4f4cb2965) Importer(815301076,1909f56bfc062723c751e8b465ee728b)  -> (artifact id: 'c16d60dbea9fc1497048f70d383cd1ed') in 0.065886 seconds
  Import took 0.072596 seconds .

========================================================================
Received Import Request.
  Time since last request: 13.071131 seconds.
  path: Assets/LineRendererB.mat
  artifactKey: Guid(9e52c386079d7fb4eafa32774b8218c4) Importer(815301076,1909f56bfc062723c751e8b465ee728b)
Start importing Assets/LineRendererB.mat using Guid(9e52c386079d7fb4eafa32774b8218c4) Importer(815301076,1909f56bfc062723c751e8b465ee728b)  -> (artifact id: 'dd1140b1492cda18b11ac44857bfa774') in 0.012297 seconds
  Import took 0.014923 seconds .

========================================================================
Received Import Request.
  Time since last request: 218.180888 seconds.
  path: Assets/RedLight.mat
  artifactKey: Guid(2bda747920b594845947941f9e5bee0e) Importer(815301076,1909f56bfc062723c751e8b465ee728b)
Start importing Assets/RedLight.mat using Guid(2bda747920b594845947941f9e5bee0e) Importer(815301076,1909f56bfc062723c751e8b465ee728b)  -> (artifact id: '45466ce917e8168a53f14390ad2129c0') in 0.020370 seconds
  Import took 0.026087 seconds .

========================================================================
Received Import Request.
  Time since last request: 38.877451 seconds.
  path: Assets/LineRendererA.mat
  artifactKey: Guid(9ca85eeeb7a9e034bbf6e1d4f4cb2965) Importer(815301076,1909f56bfc062723c751e8b465ee728b)
Start importing Assets/LineRendererA.mat using Guid(9ca85eeeb7a9e034bbf6e1d4f4cb2965) Importer(815301076,1909f56bfc062723c751e8b465ee728b)  -> (artifact id: '02e345b9fd20369d8591ba5964928131') in 0.021665 seconds
  Import took 0.023819 seconds .

========================================================================
Received Import Request.
  Time since last request: 0.000259 seconds.
  path: Assets/LineRendererB.mat
  artifactKey: Guid(9e52c386079d7fb4eafa32774b8218c4) Importer(815301076,1909f56bfc062723c751e8b465ee728b)
Start importing Assets/LineRendererB.mat using Guid(9e52c386079d7fb4eafa32774b8218c4) Importer(815301076,1909f56bfc062723c751e8b465ee728b)  -> (artifact id: 'c46662987fdf043d2274b2b6d3e542a7') in 0.012472 seconds
  Import took 0.015501 seconds .

========================================================================
Received Import Request.
  Time since last request: 0.000249 seconds.
  path: Assets/RedLight.mat
  artifactKey: Guid(2bda747920b594845947941f9e5bee0e) Importer(815301076,1909f56bfc062723c751e8b465ee728b)
Start importing Assets/RedLight.mat using Guid(2bda747920b594845947941f9e5bee0e) Importer(815301076,1909f56bfc062723c751e8b465ee728b)  -> (artifact id: '9dfc4eda01795e44d276f3459450e669') in 0.011434 seconds
  Import took 0.015453 seconds .

========================================================================
Received Import Request.
  Time since last request: 22.645688 seconds.
  path: Assets/Scripts/Player/PlayerAttack.cs
  artifactKey: Guid(5c04735314abc1f498501a04204ef703) Importer(815301076,1909f56bfc062723c751e8b465ee728b)
Start importing Assets/Scripts/Player/PlayerAttack.cs using Guid(5c04735314abc1f498501a04204ef703) Importer(815301076,1909f56bfc062723c751e8b465ee728b)  -> (artifact id: 'd2423fa04c93230c21c6af58324d703f') in 0.006007 seconds
  Import took 0.010153 seconds .

========================================================================
Received Prepare
Registering precompiled user dll's ...
Registered in 0.001167 seconds.
Begin MonoManager ReloadAssembly
Native extension for WindowsStandalone target not found
Refreshing native plugins compatible for Editor in 0.33 ms, found 0 plugins.
Preloading 0 native plugins for Editor in 0.00 ms.
Mono: successfully reloaded assembly
- Completed reload, in  0.732 seconds
Platform modules already initialized, skipping
Refreshing native plugins compatible for Editor in 0.30 ms, found 0 plugins.
Preloading 0 native plugins for Editor in 0.00 ms.
Unloading 1228 Unused Serialized files (Serialized files now loaded: 0)
System memory in use before: 83.0 MB.
System memory in use after: 83.1 MB.

Unloading 7 unused Assets to reduce memory usage. Loaded Objects now: 1899.
Total: 2.206200 ms (FindLiveObjects: 0.212200 ms CreateObjectMapping: 0.043600 ms MarkObjects: 1.883500 ms  DeleteObjects: 0.065700 ms)

========================================================================
Received Import Request.
  Time since last request: 47.404910 seconds.
  path: Assets/Scripts/Player/PlayerAttack.cs
  artifactKey: Guid(5c04735314abc1f498501a04204ef703) Importer(815301076,1909f56bfc062723c751e8b465ee728b)
Start importing Assets/Scripts/Player/PlayerAttack.cs using Guid(5c04735314abc1f498501a04204ef703) Importer(815301076,1909f56bfc062723c751e8b465ee728b)  -> (artifact id: 'a951443287492dbde9cba7b98728fc8c') in 0.005800 seconds
  Import took 0.015418 seconds .

========================================================================
Received Import Request.
  Time since last request: 2.230800 seconds.
  path: ProjectSettings/TagManager.asset
  artifactKey: Guid(00000000000000003000000000000000) Importer(815301076,1909f56bfc062723c751e8b465ee728b)
Start importing ProjectSettings/TagManager.asset using Guid(00000000000000003000000000000000) Importer(815301076,1909f56bfc062723c751e8b465ee728b)  -> (artifact id: 'ce6a35c3cddc746e7501c0bd0ed6d4ce') in 0.017014 seconds
  Import took 0.019447 seconds .

========================================================================
Received Prepare
Registering precompiled user dll's ...
Registered in 0.002042 seconds.
Begin MonoManager ReloadAssembly
Native extension for WindowsStandalone target not found
Refreshing native plugins compatible for Editor in 0.50 ms, found 0 plugins.
Preloading 0 native plugins for Editor in 0.00 ms.
Mono: successfully reloaded assembly
- Completed reload, in  1.035 seconds
Platform modules already initialized, skipping
Refreshing native plugins compatible for Editor in 0.27 ms, found 0 plugins.
Preloading 0 native plugins for Editor in 0.00 ms.
Unloading 1228 Unused Serialized files (Serialized files now loaded: 0)
System memory in use before: 83.1 MB.
System memory in use after: 83.1 MB.

Unloading 8 unused Assets to reduce memory usage. Loaded Objects now: 1902.
Total: 1.983100 ms (FindLiveObjects: 0.152900 ms CreateObjectMapping: 0.034100 ms MarkObjects: 1.729500 ms  DeleteObjects: 0.066100 ms)

========================================================================
Received Prepare
Registering precompiled user dll's ...
Registered in 0.001369 seconds.
Begin MonoManager ReloadAssembly
Native extension for WindowsStandalone target not found
Refreshing native plugins compatible for Editor in 0.28 ms, found 0 plugins.
Preloading 0 native plugins for Editor in 0.00 ms.
Mono: successfully reloaded assembly
- Completed reload, in  0.821 seconds
Platform modules already initialized, skipping
Refreshing native plugins compatible for Editor in 0.24 ms, found 0 plugins.
Preloading 0 native plugins for Editor in 0.00 ms.
Unloading 1228 Unused Serialized files (Serialized files now loaded: 0)
System memory in use before: 83.1 MB.
System memory in use after: 83.1 MB.

Unloading 7 unused Assets to reduce memory usage. Loaded Objects now: 1905.
Total: 1.842400 ms (FindLiveObjects: 0.194000 ms CreateObjectMapping: 0.041300 ms MarkObjects: 1.551100 ms  DeleteObjects: 0.054900 ms)

========================================================================
Received Prepare
Registering precompiled user dll's ...
Registered in 0.001125 seconds.
Begin MonoManager ReloadAssembly
Native extension for WindowsStandalone target not found
Refreshing native plugins compatible for Editor in 0.25 ms, found 0 plugins.
Preloading 0 native plugins for Editor in 0.00 ms.
Mono: successfully reloaded assembly
- Completed reload, in  0.777 seconds
Platform modules already initialized, skipping
Refreshing native plugins compatible for Editor in 0.28 ms, found 0 plugins.
Preloading 0 native plugins for Editor in 0.00 ms.
Unloading 1228 Unused Serialized files (Serialized files now loaded: 0)
System memory in use before: 83.1 MB.
System memory in use after: 83.2 MB.

Unloading 7 unused Assets to reduce memory usage. Loaded Objects now: 1908.
Total: 1.928600 ms (FindLiveObjects: 0.270000 ms CreateObjectMapping: 0.060000 ms MarkObjects: 1.545000 ms  DeleteObjects: 0.052300 ms)

========================================================================
Received Prepare
Registering precompiled user dll's ...
Registered in 0.001188 seconds.
Begin MonoManager ReloadAssembly
Native extension for WindowsStandalone target not found
Refreshing native plugins compatible for Editor in 0.25 ms, found 0 plugins.
Preloading 0 native plugins for Editor in 0.00 ms.
Mono: successfully reloaded assembly
- Completed reload, in  0.742 seconds
Platform modules already initialized, skipping
Refreshing native plugins compatible for Editor in 0.25 ms, found 0 plugins.
Preloading 0 native plugins for Editor in 0.00 ms.
Unloading 1228 Unused Serialized files (Serialized files now loaded: 0)
System memory in use before: 83.1 MB.
System memory in use after: 83.2 MB.

Unloading 7 unused Assets to reduce memory usage. Loaded Objects now: 1911.
Total: 1.927500 ms (FindLiveObjects: 0.185900 ms CreateObjectMapping: 0.048400 ms MarkObjects: 1.615800 ms  DeleteObjects: 0.076500 ms)

========================================================================
Received Prepare
Registering precompiled user dll's ...
Registered in 0.001248 seconds.
Begin MonoManager ReloadAssembly
Native extension for WindowsStandalone target not found
Refreshing native plugins compatible for Editor in 0.46 ms, found 0 plugins.
Preloading 0 native plugins for Editor in 0.00 ms.
Mono: successfully reloaded assembly
- Completed reload, in  0.883 seconds
Platform modules already initialized, skipping
Refreshing native plugins compatible for Editor in 0.26 ms, found 0 plugins.
Preloading 0 native plugins for Editor in 0.00 ms.
Unloading 1228 Unused Serialized files (Serialized files now loaded: 0)
System memory in use before: 83.1 MB.
System memory in use after: 83.2 MB.

Unloading 7 unused Assets to reduce memory usage. Loaded Objects now: 1914.
Total: 1.948000 ms (FindLiveObjects: 0.183200 ms CreateObjectMapping: 0.043000 ms MarkObjects: 1.667600 ms  DeleteObjects: 0.053300 ms)

========================================================================
Received Prepare
Registering precompiled user dll's ...
Registered in 0.001327 seconds.
Begin MonoManager ReloadAssembly
Native extension for WindowsStandalone target not found
Refreshing native plugins compatible for Editor in 0.38 ms, found 0 plugins.
Preloading 0 native plugins for Editor in 0.00 ms.
Mono: successfully reloaded assembly
- Completed reload, in  0.922 seconds
Platform modules already initialized, skipping
Refreshing native plugins compatible for Editor in 0.30 ms, found 0 plugins.
Preloading 0 native plugins for Editor in 0.00 ms.
Unloading 1228 Unused Serialized files (Serialized files now loaded: 0)
System memory in use before: 83.1 MB.
System memory in use after: 83.2 MB.

Unloading 7 unused Assets to reduce memory usage. Loaded Objects now: 1917.
Total: 2.310100 ms (FindLiveObjects: 0.196900 ms CreateObjectMapping: 0.048500 ms MarkObjects: 1.995900 ms  DeleteObjects: 0.067700 ms)

========================================================================
Received Prepare
Registering precompiled user dll's ...
Registered in 0.001101 seconds.
Begin MonoManager ReloadAssembly
Native extension for WindowsStandalone target not found
Refreshing native plugins compatible for Editor in 0.24 ms, found 0 plugins.
Preloading 0 native plugins for Editor in 0.00 ms.
Mono: successfully reloaded assembly
- Completed reload, in  0.753 seconds
Platform modules already initialized, skipping
Refreshing native plugins compatible for Editor in 0.25 ms, found 0 plugins.
Preloading 0 native plugins for Editor in 0.00 ms.
Unloading 1228 Unused Serialized files (Serialized files now loaded: 0)
System memory in use before: 83.1 MB.
System memory in use after: 83.2 MB.

Unloading 7 unused Assets to reduce memory usage. Loaded Objects now: 1920.
Total: 1.921300 ms (FindLiveObjects: 0.148800 ms CreateObjectMapping: 0.069500 ms MarkObjects: 1.648400 ms  DeleteObjects: 0.053600 ms)

========================================================================
Received Prepare
Registering precompiled user dll's ...
Registered in 0.001247 seconds.
Begin MonoManager ReloadAssembly
Native extension for WindowsStandalone target not found
Refreshing native plugins compatible for Editor in 0.31 ms, found 0 plugins.
Preloading 0 native plugins for Editor in 0.00 ms.
Mono: successfully reloaded assembly
- Completed reload, in  0.801 seconds
Platform modules already initialized, skipping
Refreshing native plugins compatible for Editor in 0.47 ms, found 0 plugins.
Preloading 0 native plugins for Editor in 0.00 ms.
Unloading 1228 Unused Serialized files (Serialized files now loaded: 0)
System memory in use before: 83.1 MB.
System memory in use after: 83.2 MB.

Unloading 7 unused Assets to reduce memory usage. Loaded Objects now: 1923.
Total: 1.811300 ms (FindLiveObjects: 0.154200 ms CreateObjectMapping: 0.034600 ms MarkObjects: 1.569100 ms  DeleteObjects: 0.052500 ms)

========================================================================
Received Prepare
Registering precompiled user dll's ...
Registered in 0.001246 seconds.
Begin MonoManager ReloadAssembly
Native extension for WindowsStandalone target not found
Refreshing native plugins compatible for Editor in 0.47 ms, found 0 plugins.
Preloading 0 native plugins for Editor in 0.00 ms.
Mono: successfully reloaded assembly
- Completed reload, in  0.923 seconds
Platform modules already initialized, skipping
Refreshing native plugins compatible for Editor in 0.28 ms, found 0 plugins.
Preloading 0 native plugins for Editor in 0.00 ms.
Unloading 1228 Unused Serialized files (Serialized files now loaded: 0)
System memory in use before: 83.1 MB.
System memory in use after: 83.2 MB.

Unloading 7 unused Assets to reduce memory usage. Loaded Objects now: 1926.
Total: 4.401500 ms (FindLiveObjects: 0.254800 ms CreateObjectMapping: 0.074700 ms MarkObjects: 3.999000 ms  DeleteObjects: 0.071700 ms)

========================================================================
Received Prepare
Registering precompiled user dll's ...
Registered in 0.001247 seconds.
Begin MonoManager ReloadAssembly
Native extension for WindowsStandalone target not found
Refreshing native plugins compatible for Editor in 0.24 ms, found 0 plugins.
Preloading 0 native plugins for Editor in 0.00 ms.
Mono: successfully reloaded assembly
- Completed reload, in  0.737 seconds
Platform modules already initialized, skipping
Refreshing native plugins compatible for Editor in 0.32 ms, found 0 plugins.
Preloading 0 native plugins for Editor in 0.00 ms.
Unloading 1228 Unused Serialized files (Serialized files now loaded: 0)
System memory in use before: 83.1 MB.
System memory in use after: 83.2 MB.

Unloading 7 unused Assets to reduce memory usage. Loaded Objects now: 1929.
Total: 1.944400 ms (FindLiveObjects: 0.180800 ms CreateObjectMapping: 0.038200 ms MarkObjects: 1.660300 ms  DeleteObjects: 0.064200 ms)

========================================================================
Received Prepare
Registering precompiled user dll's ...
Registered in 0.001185 seconds.
Begin MonoManager ReloadAssembly
Native extension for WindowsStandalone target not found
Refreshing native plugins compatible for Editor in 0.24 ms, found 0 plugins.
Preloading 0 native plugins for Editor in 0.00 ms.
Mono: successfully reloaded assembly
- Completed reload, in  0.759 seconds
Platform modules already initialized, skipping
Refreshing native plugins compatible for Editor in 0.25 ms, found 0 plugins.
Preloading 0 native plugins for Editor in 0.00 ms.
Unloading 1228 Unused Serialized files (Serialized files now loaded: 0)
System memory in use before: 83.1 MB.
System memory in use after: 83.2 MB.

Unloading 7 unused Assets to reduce memory usage. Loaded Objects now: 1932.
Total: 1.864400 ms (FindLiveObjects: 0.157100 ms CreateObjectMapping: 0.037500 ms MarkObjects: 1.619400 ms  DeleteObjects: 0.049400 ms)

========================================================================
Received Prepare
Registering precompiled user dll's ...
Registered in 0.001134 seconds.
Begin MonoManager ReloadAssembly
Native extension for WindowsStandalone target not found
Refreshing native plugins compatible for Editor in 0.24 ms, found 0 plugins.
Preloading 0 native plugins for Editor in 0.00 ms.
Mono: successfully reloaded assembly
- Completed reload, in  0.791 seconds
Platform modules already initialized, skipping
Refreshing native plugins compatible for Editor in 0.31 ms, found 0 plugins.
Preloading 0 native plugins for Editor in 0.00 ms.
Unloading 1228 Unused Serialized files (Serialized files now loaded: 0)
System memory in use before: 83.1 MB.
System memory in use after: 83.2 MB.

Unloading 7 unused Assets to reduce memory usage. Loaded Objects now: 1935.
Total: 1.948900 ms (FindLiveObjects: 0.151700 ms CreateObjectMapping: 0.034700 ms MarkObjects: 1.707400 ms  DeleteObjects: 0.054500 ms)

========================================================================
Received Import Request.
  Time since last request: 965.687477 seconds.
  path: ProjectSettings/TagManager.asset
  artifactKey: Guid(00000000000000003000000000000000) Importer(815301076,1909f56bfc062723c751e8b465ee728b)
Start importing ProjectSettings/TagManager.asset using Guid(00000000000000003000000000000000) Importer(815301076,1909f56bfc062723c751e8b465ee728b)  -> (artifact id: 'd95b612ed323f0489b295eacb58702ea') in 0.077869 seconds
  Import took 0.093673 seconds .

========================================================================
Received Prepare
Registering precompiled user dll's ...
Registered in 0.001086 seconds.
Begin MonoManager ReloadAssembly
Native extension for WindowsStandalone target not found
Refreshing native plugins compatible for Editor in 0.26 ms, found 0 plugins.
Preloading 0 native plugins for Editor in 0.00 ms.
Mono: successfully reloaded assembly
- Completed reload, in  0.776 seconds
Platform modules already initialized, skipping
Refreshing native plugins compatible for Editor in 0.26 ms, found 0 plugins.
Preloading 0 native plugins for Editor in 0.00 ms.
Unloading 1228 Unused Serialized files (Serialized files now loaded: 0)
System memory in use before: 83.1 MB.
System memory in use after: 83.2 MB.

Unloading 8 unused Assets to reduce memory usage. Loaded Objects now: 1938.
Total: 3.347300 ms (FindLiveObjects: 0.491800 ms CreateObjectMapping: 0.109000 ms MarkObjects: 2.630100 ms  DeleteObjects: 0.114900 ms)

========================================================================
Received Prepare
Registering precompiled user dll's ...
Registered in 0.001095 seconds.
Begin MonoManager ReloadAssembly
Native extension for WindowsStandalone target not found
Refreshing native plugins compatible for Editor in 0.27 ms, found 0 plugins.
Preloading 0 native plugins for Editor in 0.00 ms.
Mono: successfully reloaded assembly
- Completed reload, in  0.770 seconds
Platform modules already initialized, skipping
Refreshing native plugins compatible for Editor in 0.54 ms, found 0 plugins.
Preloading 0 native plugins for Editor in 0.00 ms.
Unloading 1228 Unused Serialized files (Serialized files now loaded: 0)
System memory in use before: 83.1 MB.
System memory in use after: 83.2 MB.

Unloading 7 unused Assets to reduce memory usage. Loaded Objects now: 1941.
Total: 1.733800 ms (FindLiveObjects: 0.171100 ms CreateObjectMapping: 0.037600 ms MarkObjects: 1.473800 ms  DeleteObjects: 0.050500 ms)

========================================================================
Received Prepare
Registering precompiled user dll's ...
Registered in 0.001848 seconds.
Begin MonoManager ReloadAssembly
Native extension for WindowsStandalone target not found
Refreshing native plugins compatible for Editor in 0.25 ms, found 0 plugins.
Preloading 0 native plugins for Editor in 0.00 ms.
Mono: successfully reloaded assembly
- Completed reload, in  0.730 seconds
Platform modules already initialized, skipping
Refreshing native plugins compatible for Editor in 0.26 ms, found 0 plugins.
Preloading 0 native plugins for Editor in 0.00 ms.
Unloading 1228 Unused Serialized files (Serialized files now loaded: 0)
System memory in use before: 83.1 MB.
System memory in use after: 83.2 MB.

Unloading 7 unused Assets to reduce memory usage. Loaded Objects now: 1944.
Total: 1.776400 ms (FindLiveObjects: 0.158300 ms CreateObjectMapping: 0.041300 ms MarkObjects: 1.516700 ms  DeleteObjects: 0.059300 ms)

========================================================================
Received Prepare
Registering precompiled user dll's ...
Registered in 0.003218 seconds.
Begin MonoManager ReloadAssembly
Native extension for WindowsStandalone target not found
Refreshing native plugins compatible for Editor in 0.47 ms, found 0 plugins.
Preloading 0 native plugins for Editor in 0.00 ms.
Mono: successfully reloaded assembly
- Completed reload, in  0.705 seconds
Platform modules already initialized, skipping
Refreshing native plugins compatible for Editor in 0.47 ms, found 0 plugins.
Preloading 0 native plugins for Editor in 0.00 ms.
Unloading 1228 Unused Serialized files (Serialized files now loaded: 0)
System memory in use before: 83.1 MB.
System memory in use after: 83.2 MB.

Unloading 7 unused Assets to reduce memory usage. Loaded Objects now: 1947.
Total: 1.879400 ms (FindLiveObjects: 0.155500 ms CreateObjectMapping: 0.034000 ms MarkObjects: 1.631100 ms  DeleteObjects: 0.057900 ms)

========================================================================
Received Prepare
Registering precompiled user dll's ...
Registered in 0.001239 seconds.
Begin MonoManager ReloadAssembly
Native extension for WindowsStandalone target not found
Refreshing native plugins compatible for Editor in 0.26 ms, found 0 plugins.
Preloading 0 native plugins for Editor in 0.00 ms.
Mono: successfully reloaded assembly
- Completed reload, in  0.750 seconds
Platform modules already initialized, skipping
Refreshing native plugins compatible for Editor in 0.27 ms, found 0 plugins.
Preloading 0 native plugins for Editor in 0.00 ms.
Unloading 1228 Unused Serialized files (Serialized files now loaded: 0)
System memory in use before: 83.1 MB.
System memory in use after: 83.2 MB.

Unloading 7 unused Assets to reduce memory usage. Loaded Objects now: 1950.
Total: 1.687900 ms (FindLiveObjects: 0.143600 ms CreateObjectMapping: 0.036500 ms MarkObjects: 1.450700 ms  DeleteObjects: 0.056300 ms)

========================================================================
Received Prepare
Registering precompiled user dll's ...
Registered in 0.001155 seconds.
Begin MonoManager ReloadAssembly
Native extension for WindowsStandalone target not found
Refreshing native plugins compatible for Editor in 0.24 ms, found 0 plugins.
Preloading 0 native plugins for Editor in 0.00 ms.
Mono: successfully reloaded assembly
- Completed reload, in  0.753 seconds
Platform modules already initialized, skipping
Refreshing native plugins compatible for Editor in 0.26 ms, found 0 plugins.
Preloading 0 native plugins for Editor in 0.00 ms.
Unloading 1228 Unused Serialized files (Serialized files now loaded: 0)
System memory in use before: 83.2 MB.
System memory in use after: 83.2 MB.

Unloading 7 unused Assets to reduce memory usage. Loaded Objects now: 1953.
Total: 2.005300 ms (FindLiveObjects: 0.230200 ms CreateObjectMapping: 0.041600 ms MarkObjects: 1.683400 ms  DeleteObjects: 0.049500 ms)

========================================================================
Received Prepare
Registering precompiled user dll's ...
Registered in 0.001118 seconds.
Begin MonoManager ReloadAssembly
Native extension for WindowsStandalone target not found
Refreshing native plugins compatible for Editor in 0.55 ms, found 0 plugins.
Preloading 0 native plugins for Editor in 0.00 ms.
Mono: successfully reloaded assembly
- Completed reload, in  0.736 seconds
Platform modules already initialized, skipping
Refreshing native plugins compatible for Editor in 0.25 ms, found 0 plugins.
Preloading 0 native plugins for Editor in 0.00 ms.
Unloading 1228 Unused Serialized files (Serialized files now loaded: 0)
System memory in use before: 83.2 MB.
System memory in use after: 83.2 MB.

Unloading 7 unused Assets to reduce memory usage. Loaded Objects now: 1956.
Total: 2.612000 ms (FindLiveObjects: 0.191200 ms CreateObjectMapping: 0.058000 ms MarkObjects: 2.291900 ms  DeleteObjects: 0.069900 ms)

========================================================================
Received Prepare
Registering precompiled user dll's ...
Registered in 0.001264 seconds.
Begin MonoManager ReloadAssembly
Native extension for WindowsStandalone target not found
Refreshing native plugins compatible for Editor in 0.24 ms, found 0 plugins.
Preloading 0 native plugins for Editor in 0.00 ms.
Mono: successfully reloaded assembly
- Completed reload, in  0.699 seconds
Platform modules already initialized, skipping
Refreshing native plugins compatible for Editor in 0.46 ms, found 0 plugins.
Preloading 0 native plugins for Editor in 0.00 ms.
Unloading 1228 Unused Serialized files (Serialized files now loaded: 0)
System memory in use before: 83.2 MB.
System memory in use after: 83.2 MB.

Unloading 7 unused Assets to reduce memory usage. Loaded Objects now: 1959.
Total: 1.913200 ms (FindLiveObjects: 0.157800 ms CreateObjectMapping: 0.033200 ms MarkObjects: 1.657600 ms  DeleteObjects: 0.064000 ms)

========================================================================
Received Import Request.
  Time since last request: 500.063569 seconds.
  path: Assets/LineRendererB.mat
  artifactKey: Guid(9e52c386079d7fb4eafa32774b8218c4) Importer(815301076,1909f56bfc062723c751e8b465ee728b)
Start importing Assets/LineRendererB.mat using Guid(9e52c386079d7fb4eafa32774b8218c4) Importer(815301076,1909f56bfc062723c751e8b465ee728b)  -> (artifact id: '59fdd84fa8fee0e3254993161312518b') in 0.102273 seconds
  Import took 0.119852 seconds .

AssetImportWorkerClient::OnTransportError - code=2 error=End of file
