Using pre-set license
Built from '2020.3/staging' branch; Version is '2020.3.9f1 (108be757e447) revision 1084391'; Using compiler version '192528614'; Build Type 'Release'
OS: 'Windows 10 Pro; OS build 19043.1526; Version 2009; 64bit' Language: 'es' Physical Memory: 8109 MB
BatchMode: 1, IsHumanControllingUs: 0, StartBugReporterOnCrash: 0, Is64bit: 1, IsPro: 0

 COMMAND LINE ARGUMENTS:
B:\unity\2020.3.9f1\Editor\Unity.exe
-adb2
-batchMode
-noUpm
-name
AssetImportWorker0
-projectPath
B:/proyectosUnity/Curso codeSpace/SurvivalShooter3D
-logFile
Logs/AssetImportWorker0.log
-srvPort
60052
Successfully changed project path to: B:/proyectosUnity/Curso codeSpace/SurvivalShooter3D
B:/proyectosUnity/Curso codeSpace/SurvivalShooter3D
Using Asset Import Pipeline V2.
Refreshing native plugins compatible for Editor in 107.57 ms, found 0 plugins.
Preloading 0 native plugins for Editor in 0.00 ms.
Initialize engine version: 2020.3.9f1 (108be757e447)
[Subsystems] Discovering subsystems at path B:/unity/2020.3.9f1/Editor/Data/Resources/UnitySubsystems
[Subsystems] Discovering subsystems at path B:/proyectosUnity/Curso codeSpace/SurvivalShooter3D/Assets
GfxDevice: creating device client; threaded=0
Direct3D:
    Version:  Direct3D 11.0 [level 11.1]
    Renderer: NVIDIA GeForce GTX 950 (ID=0x1402)
    Vendor:   
    VRAM:     2007 MB
    Driver:   27.21.14.5671
Initialize mono
Mono path[0] = 'B:/unity/2020.3.9f1/Editor/Data/Managed'
Mono path[1] = 'B:/unity/2020.3.9f1/Editor/Data/MonoBleedingEdge/lib/mono/unityjit'
Mono config path = 'B:/unity/2020.3.9f1/Editor/Data/MonoBleedingEdge/etc'
Using monoOptions --debugger-agent=transport=dt_socket,embedding=1,server=y,suspend=n,address=127.0.0.1:56476
Begin MonoManager ReloadAssembly
Registering precompiled unity dll's ...
Register platform support module: B:/unity/2020.3.9f1/Editor/Data/PlaybackEngines/WindowsStandaloneSupport/UnityEditor.WindowsStandalone.Extensions.dll
Registered in 0.003175 seconds.
Native extension for WindowsStandalone target not found
Refreshing native plugins compatible for Editor in 68.25 ms, found 0 plugins.
Preloading 0 native plugins for Editor in 0.00 ms.
Mono: successfully reloaded assembly
- Completed reload, in  1.901 seconds
Platform modules already initialized, skipping
Registering precompiled user dll's ...
Registered in 0.001353 seconds.
Begin MonoManager ReloadAssembly
Native extension for WindowsStandalone target not found
Refreshing native plugins compatible for Editor in 1.91 ms, found 0 plugins.
Preloading 0 native plugins for Editor in 0.00 ms.
Mono: successfully reloaded assembly
- Completed reload, in  1.793 seconds
Platform modules already initialized, skipping
========================================================================
Worker process is ready to serve import requests
Launched and connected shader compiler UnityShaderCompiler.exe after 0.23 seconds
Refreshing native plugins compatible for Editor in 0.65 ms, found 0 plugins.
Preloading 0 native plugins for Editor in 0.00 ms.
Unloading 1372 Unused Serialized files (Serialized files now loaded: 0)
System memory in use before: 146.3 MB.
System memory in use after: 146.3 MB.

Unloading 14 unused Assets to reduce memory usage. Loaded Objects now: 1827.
Total: 4.602300 ms (FindLiveObjects: 0.550100 ms CreateObjectMapping: 0.118500 ms MarkObjects: 3.777100 ms  DeleteObjects: 0.153800 ms)

========================================================================
Received Import Request.
  path: Assets/Scripts/ScoreManager.cs
  artifactKey: Guid(564c22eeea7b11440a05ba086b32cfb7) Importer(815301076,1909f56bfc062723c751e8b465ee728b)
Start importing Assets/Scripts/ScoreManager.cs using Guid(564c22eeea7b11440a05ba086b32cfb7) Importer(815301076,1909f56bfc062723c751e8b465ee728b)  -> (artifact id: '9f05695b807b167ed2d13709ba654cb4') in 0.093592 seconds
  Import took 0.115506 seconds .

========================================================================
Received Import Request.
  Time since last request: 0.000502 seconds.
  path: Assets/Scripts/EnemyManager.cs
  artifactKey: Guid(f6d1bd36c31b465489a7a721f99d5e9b) Importer(815301076,1909f56bfc062723c751e8b465ee728b)
Start importing Assets/Scripts/EnemyManager.cs using Guid(f6d1bd36c31b465489a7a721f99d5e9b) Importer(815301076,1909f56bfc062723c751e8b465ee728b)  -> (artifact id: '340813a5815c71fa2597f74380727b71') in 0.024937 seconds
  Import took 0.042748 seconds .

========================================================================
Received Import Request.
  Time since last request: 0.000318 seconds.
  path: Assets/Scripts/GameManager.cs
  artifactKey: Guid(b3939a7cdddd94d41b5e52b11f4f40a9) Importer(815301076,1909f56bfc062723c751e8b465ee728b)
Start importing Assets/Scripts/GameManager.cs using Guid(b3939a7cdddd94d41b5e52b11f4f40a9) Importer(815301076,1909f56bfc062723c751e8b465ee728b)  -> (artifact id: '55d2a144f8a9755684c9a41df778d77e') in 0.014566 seconds
  Import took 0.021698 seconds .

========================================================================
Received Import Request.
  Time since last request: 0.000947 seconds.
  path: Assets/Scripts/LoadSaveData.cs
  artifactKey: Guid(b1887b2a253de324f94a63123b012eb6) Importer(815301076,1909f56bfc062723c751e8b465ee728b)
Start importing Assets/Scripts/LoadSaveData.cs using Guid(b1887b2a253de324f94a63123b012eb6) Importer(815301076,1909f56bfc062723c751e8b465ee728b)  -> (artifact id: '3bb8e94795c486c78ea3cca1b1947522') in 0.016166 seconds
  Import took 0.026160 seconds .

========================================================================
Received Import Request.
  Time since last request: 0.000363 seconds.
  path: Assets/Scripts/CameraFollow.cs
  artifactKey: Guid(826721efe3fea7c45bb08a6e9367d610) Importer(815301076,1909f56bfc062723c751e8b465ee728b)
Start importing Assets/Scripts/CameraFollow.cs using Guid(826721efe3fea7c45bb08a6e9367d610) Importer(815301076,1909f56bfc062723c751e8b465ee728b)  -> (artifact id: '1e3ed485c8d97b31e48da034a241bb7f') in 0.009908 seconds
  Import took 0.026370 seconds .

========================================================================
Received Import Request.
  Time since last request: 15.842326 seconds.
  path: Assets/Animations/UI/WaveText.controller
  artifactKey: Guid(8fbcc2b540ce8074dab9ce7947ac504a) Importer(815301076,1909f56bfc062723c751e8b465ee728b)
Start importing Assets/Animations/UI/WaveText.controller using Guid(8fbcc2b540ce8074dab9ce7947ac504a) Importer(815301076,1909f56bfc062723c751e8b465ee728b)  -> (artifact id: '063bd5b97852083b28e47566abb6c662') in 0.056426 seconds
  Import took 0.076514 seconds .

========================================================================
Received Import Request.
  Time since last request: 9.705591 seconds.
  path: Assets/Animations/Player.controller
  artifactKey: Guid(67ce4d08fa9001744a99967fa4495362) Importer(815301076,1909f56bfc062723c751e8b465ee728b)
Start importing Assets/Animations/Player.controller using Guid(67ce4d08fa9001744a99967fa4495362) Importer(815301076,1909f56bfc062723c751e8b465ee728b)  -> (artifact id: 'ef4e743784aea0f671db1b386e5977f0') in 0.019631 seconds
  Import took 0.025958 seconds .

========================================================================
Received Prepare
Refreshing native plugins compatible for Editor in 1.11 ms, found 0 plugins.
Preloading 0 native plugins for Editor in 0.00 ms.
Unloading 3 Unused Serialized files (Serialized files now loaded: 0)
System memory in use before: 115.7 MB.
System memory in use after: 115.8 MB.

Unloading 3 unused Assets to reduce memory usage. Loaded Objects now: 1827.
Total: 5.234400 ms (FindLiveObjects: 0.193300 ms CreateObjectMapping: 0.056000 ms MarkObjects: 4.843400 ms  DeleteObjects: 0.139300 ms)

AssetImportWorkerClient::OnTransportError - code=2 error=End of file
