Using pre-set license
Built from '2020.3/staging' branch; Version is '2020.3.9f1 (108be757e447) revision 1084391'; Using compiler version '192528614'; Build Type 'Release'
OS: 'Windows 10 Pro; OS build 19043.1526; Version 2009; 64bit' Language: 'es' Physical Memory: 8109 MB
BatchMode: 1, IsHumanControllingUs: 0, StartBugReporterOnCrash: 0, Is64bit: 1, IsPro: 0

 COMMAND LINE ARGUMENTS:
B:\unity\2020.3.9f1\Editor\Unity.exe
-adb2
-batchMode
-noUpm
-name
AssetImportWorker0
-projectPath
B:/proyectosUnity/Curso codeSpace/BlenderImports
-logFile
Logs/AssetImportWorker0.log
-srvPort
64670
Successfully changed project path to: B:/proyectosUnity/Curso codeSpace/BlenderImports
B:/proyectosUnity/Curso codeSpace/BlenderImports
Using Asset Import Pipeline V2.
Refreshing native plugins compatible for Editor in 25.56 ms, found 0 plugins.
Preloading 0 native plugins for Editor in 0.00 ms.
Initialize engine version: 2020.3.9f1 (108be757e447)
[Subsystems] Discovering subsystems at path B:/unity/2020.3.9f1/Editor/Data/Resources/UnitySubsystems
[Subsystems] Discovering subsystems at path B:/proyectosUnity/Curso codeSpace/BlenderImports/Assets
GfxDevice: creating device client; threaded=0
Direct3D:
    Version:  Direct3D 11.0 [level 11.1]
    Renderer: NVIDIA GeForce GTX 950 (ID=0x1402)
    Vendor:   
    VRAM:     2007 MB
    Driver:   27.21.14.5671
Initialize mono
Mono path[0] = 'B:/unity/2020.3.9f1/Editor/Data/Managed'
Mono path[1] = 'B:/unity/2020.3.9f1/Editor/Data/MonoBleedingEdge/lib/mono/unityjit'
Mono config path = 'B:/unity/2020.3.9f1/Editor/Data/MonoBleedingEdge/etc'
Using monoOptions --debugger-agent=transport=dt_socket,embedding=1,server=y,suspend=n,address=127.0.0.1:56116
Begin MonoManager ReloadAssembly
Registering precompiled unity dll's ...
Register platform support module: B:/unity/2020.3.9f1/Editor/Data/PlaybackEngines/WindowsStandaloneSupport/UnityEditor.WindowsStandalone.Extensions.dll
Registered in 0.001022 seconds.
Native extension for WindowsStandalone target not found
Refreshing native plugins compatible for Editor in 23.17 ms, found 0 plugins.
Preloading 0 native plugins for Editor in 0.00 ms.
Mono: successfully reloaded assembly
- Completed reload, in  0.905 seconds
Platform modules already initialized, skipping
Registering precompiled user dll's ...
Registered in 0.000505 seconds.
Begin MonoManager ReloadAssembly
Native extension for WindowsStandalone target not found
Refreshing native plugins compatible for Editor in 0.25 ms, found 0 plugins.
Preloading 0 native plugins for Editor in 0.00 ms.
Mono: successfully reloaded assembly
- Completed reload, in  0.816 seconds
Platform modules already initialized, skipping
========================================================================
Worker process is ready to serve import requests
Launched and connected shader compiler UnityShaderCompiler.exe after 0.09 seconds
Refreshing native plugins compatible for Editor in 0.19 ms, found 0 plugins.
Preloading 0 native plugins for Editor in 0.00 ms.
Unloading 1115 Unused Serialized files (Serialized files now loaded: 0)
System memory in use before: 57.1 MB.
System memory in use after: 57.1 MB.

Unloading 10 unused Assets to reduce memory usage. Loaded Objects now: 1557.
Total: 2.142700 ms (FindLiveObjects: 0.402900 ms CreateObjectMapping: 0.078100 ms MarkObjects: 1.583000 ms  DeleteObjects: 0.077200 ms)

========================================================================
Received Import Request.
  path: Assets/lowPolyIso.fbx
  artifactKey: Guid(c92a6f83ef9126840ac1f9e5805efb7c) Importer(815301076,1909f56bfc062723c751e8b465ee728b)
Start importing Assets/lowPolyIso.fbx using Guid(c92a6f83ef9126840ac1f9e5805efb7c) Importer(815301076,1909f56bfc062723c751e8b465ee728b)  -> (artifact id: 'd8025cdc836e1ac580b217d4ea99dc0c') in 0.989603 seconds
  Import took 1.007946 seconds .

========================================================================
Received Import Request.
  Time since last request: 1719.958218 seconds.
  path: Assets
  artifactKey: Guid(00000000000000001000000000000000) Importer(815301076,1909f56bfc062723c751e8b465ee728b)
Start importing Assets using Guid(00000000000000001000000000000000) Importer(815301076,1909f56bfc062723c751e8b465ee728b)  -> (artifact id: '42d402b061de3733987d63b9cc3b64de') in 0.024130 seconds
  Import took 0.034586 seconds .

========================================================================
Received Import Request.
  Time since last request: 5.892296 seconds.
  path: Assets/New Animator Controller.controller
  artifactKey: Guid(a1fea7892644ec847bf60b5707cf4d0b) Importer(815301076,1909f56bfc062723c751e8b465ee728b)
Start importing Assets/New Animator Controller.controller using Guid(a1fea7892644ec847bf60b5707cf4d0b) Importer(815301076,1909f56bfc062723c751e8b465ee728b)  -> (artifact id: '1a65103fa695a5b2c3160182ea86f86c') in 0.024765 seconds
  Import took 0.047292 seconds .

========================================================================
Received Import Request.
  Time since last request: 3.502776 seconds.
  path: Assets/Coche.controller
  artifactKey: Guid(a1fea7892644ec847bf60b5707cf4d0b) Importer(815301076,1909f56bfc062723c751e8b465ee728b)
Start importing Assets/Coche.controller using Guid(a1fea7892644ec847bf60b5707cf4d0b) Importer(815301076,1909f56bfc062723c751e8b465ee728b)  -> (artifact id: 'cd1f66bf630e254c01360f0dd947247a') in 0.007524 seconds
  Import took 0.010322 seconds .

========================================================================
Received Prepare
Registering precompiled user dll's ...
Registered in 0.001073 seconds.
Begin MonoManager ReloadAssembly
Native extension for WindowsStandalone target not found
Refreshing native plugins compatible for Editor in 0.22 ms, found 0 plugins.
Preloading 0 native plugins for Editor in 0.00 ms.
[ScriptCompilation] NOT recompiling all scripts because this is an import worker process. Reason to compile was: Define symbols changed
Mono: successfully reloaded assembly
- Completed reload, in  0.761 seconds
Platform modules already initialized, skipping
Refreshing native plugins compatible for Editor in 0.23 ms, found 0 plugins.
Preloading 0 native plugins for Editor in 0.00 ms.
Unloading 1230 Unused Serialized files (Serialized files now loaded: 0)
System memory in use before: 68.1 MB.
System memory in use after: 66.2 MB.

Unloading 32 unused Assets to reduce memory usage. Loaded Objects now: 1696.
Total: 2.357100 ms (FindLiveObjects: 0.142200 ms CreateObjectMapping: 0.033500 ms MarkObjects: 1.574200 ms  DeleteObjects: 0.606200 ms)

========================================================================
Received Import Request.
  Time since last request: 507.861110 seconds.
  path: ProjectSettings/TagManager.asset
  artifactKey: Guid(00000000000000003000000000000000) Importer(815301076,1909f56bfc062723c751e8b465ee728b)
Start importing ProjectSettings/TagManager.asset using Guid(00000000000000003000000000000000) Importer(815301076,1909f56bfc062723c751e8b465ee728b)  -> (artifact id: 'ce6a35c3cddc746e7501c0bd0ed6d4ce') in 0.017357 seconds
  Import took 0.019965 seconds .

========================================================================
Received Import Request.
  Time since last request: 0.002054 seconds.
  path: ProjectSettings/TagManager.asset
  artifactKey: Guid(00000000000000003000000000000000) Importer(815301076,1909f56bfc062723c751e8b465ee728b)
Start importing ProjectSettings/TagManager.asset using Guid(00000000000000003000000000000000) Importer(815301076,1909f56bfc062723c751e8b465ee728b)  -> (artifact id: 'ce6a35c3cddc746e7501c0bd0ed6d4ce') in 0.002064 seconds
  Import took 0.003946 seconds .

========================================================================
Received Import Request.
  Time since last request: 202.948117 seconds.
  path: Assets/letras.mat
  artifactKey: Guid(539f7ffe9f64b184da063bb2a5ae3e59) Importer(815301076,1909f56bfc062723c751e8b465ee728b)
Start importing Assets/letras.mat using Guid(539f7ffe9f64b184da063bb2a5ae3e59) Importer(815301076,1909f56bfc062723c751e8b465ee728b)  -> (artifact id: '9cdfff30522c05bd0ca149c9c2792f9c') in 0.098533 seconds
  Import took 0.114681 seconds .

========================================================================
Received Import Request.
  Time since last request: 190.590717 seconds.
  path: Assets/Letras 1.mat
  artifactKey: Guid(8ffc1137dd55d9145bd2928af3c22cb7) Importer(815301076,1909f56bfc062723c751e8b465ee728b)
Start importing Assets/Letras 1.mat using Guid(8ffc1137dd55d9145bd2928af3c22cb7) Importer(815301076,1909f56bfc062723c751e8b465ee728b)  -> (artifact id: 'bf15941ef1877704c5f480f93f3455b5') in 0.011892 seconds
  Import took 0.014599 seconds .

========================================================================
Received Import Request.
  Time since last request: 4.039588 seconds.
  path: Assets/Ventanas.mat
  artifactKey: Guid(539f7ffe9f64b184da063bb2a5ae3e59) Importer(815301076,1909f56bfc062723c751e8b465ee728b)
Start importing Assets/Ventanas.mat using Guid(539f7ffe9f64b184da063bb2a5ae3e59) Importer(815301076,1909f56bfc062723c751e8b465ee728b)  -> (artifact id: '952d54d7e3e7361f74108d510ae2c9c9') in 0.009653 seconds
  Import took 0.012311 seconds .

========================================================================
Received Import Request.
  Time since last request: 2.942073 seconds.
  path: Assets/Letras.mat
  artifactKey: Guid(8ffc1137dd55d9145bd2928af3c22cb7) Importer(815301076,1909f56bfc062723c751e8b465ee728b)
Start importing Assets/Letras.mat using Guid(8ffc1137dd55d9145bd2928af3c22cb7) Importer(815301076,1909f56bfc062723c751e8b465ee728b)  -> (artifact id: 'd8c1f0ab26036996fb84cae932e08978') in 0.010507 seconds
  Import took 0.012958 seconds .

========================================================================
Received Prepare
Registering precompiled user dll's ...
Registered in 0.000695 seconds.
Begin MonoManager ReloadAssembly
Native extension for WindowsStandalone target not found
Refreshing native plugins compatible for Editor in 0.22 ms, found 0 plugins.
Preloading 0 native plugins for Editor in 0.00 ms.
Mono: successfully reloaded assembly
- Completed reload, in  0.825 seconds
Platform modules already initialized, skipping
Refreshing native plugins compatible for Editor in 0.20 ms, found 0 plugins.
Preloading 0 native plugins for Editor in 0.00 ms.
Unloading 1230 Unused Serialized files (Serialized files now loaded: 0)
System memory in use before: 68.2 MB.
System memory in use after: 66.2 MB.

Unloading 34 unused Assets to reduce memory usage. Loaded Objects now: 1700.
Total: 2.945600 ms (FindLiveObjects: 0.117700 ms CreateObjectMapping: 0.031700 ms MarkObjects: 2.034900 ms  DeleteObjects: 0.760200 ms)

========================================================================
Received Import Request.
  Time since last request: 185.455415 seconds.
  path: Assets/MachineMaterial.mat
  artifactKey: Guid(9cfd7f4c01bc37245b25ac5acc8e03ff) Importer(815301076,1909f56bfc062723c751e8b465ee728b)
Start importing Assets/MachineMaterial.mat using Guid(9cfd7f4c01bc37245b25ac5acc8e03ff) Importer(815301076,1909f56bfc062723c751e8b465ee728b)  -> (artifact id: 'eea67f4841457deda3f523777404d4f7') in 0.051954 seconds
  Import took 0.053807 seconds .

========================================================================
Received Import Request.
  Time since last request: 28.982738 seconds.
  path: Assets/MaderaBanco.mat
  artifactKey: Guid(58ee6729f8971754a9e60a353cebc8e3) Importer(815301076,1909f56bfc062723c751e8b465ee728b)
Start importing Assets/MaderaBanco.mat using Guid(58ee6729f8971754a9e60a353cebc8e3) Importer(815301076,1909f56bfc062723c751e8b465ee728b)  -> (artifact id: '7fe7adc59d545c56e3aee229a4afcaa9') in 0.011292 seconds
  Import took 0.014235 seconds .

========================================================================
Received Prepare
Registering precompiled user dll's ...
Registered in 0.000623 seconds.
Begin MonoManager ReloadAssembly
Native extension for WindowsStandalone target not found
Refreshing native plugins compatible for Editor in 0.20 ms, found 0 plugins.
Preloading 0 native plugins for Editor in 0.00 ms.
Mono: successfully reloaded assembly
- Completed reload, in  0.841 seconds
Platform modules already initialized, skipping
Refreshing native plugins compatible for Editor in 0.20 ms, found 0 plugins.
Preloading 0 native plugins for Editor in 0.00 ms.
Unloading 1230 Unused Serialized files (Serialized files now loaded: 0)
System memory in use before: 68.2 MB.
System memory in use after: 66.3 MB.

Unloading 32 unused Assets to reduce memory usage. Loaded Objects now: 1704.
Total: 2.482600 ms (FindLiveObjects: 0.142800 ms CreateObjectMapping: 0.032500 ms MarkObjects: 1.559000 ms  DeleteObjects: 0.747500 ms)

========================================================================
Received Import Request.
  Time since last request: 143.936893 seconds.
  path: Assets/Letras.mat
  artifactKey: Guid(8ffc1137dd55d9145bd2928af3c22cb7) Importer(815301076,1909f56bfc062723c751e8b465ee728b)
Start importing Assets/Letras.mat using Guid(8ffc1137dd55d9145bd2928af3c22cb7) Importer(815301076,1909f56bfc062723c751e8b465ee728b)  -> (artifact id: 'f109ae489ad9e1db2b680864dfcdf259') in 0.049483 seconds
  Import took 0.051306 seconds .

========================================================================
Received Import Request.
  Time since last request: 0.000321 seconds.
  path: Assets/MachineMaterial.mat
  artifactKey: Guid(9cfd7f4c01bc37245b25ac5acc8e03ff) Importer(815301076,1909f56bfc062723c751e8b465ee728b)
Start importing Assets/MachineMaterial.mat using Guid(9cfd7f4c01bc37245b25ac5acc8e03ff) Importer(815301076,1909f56bfc062723c751e8b465ee728b)  -> (artifact id: 'cd0292791ad68237947be754c6644c69') in 0.008013 seconds
  Import took 0.010837 seconds .

========================================================================
Received Import Request.
  Time since last request: 0.000322 seconds.
  path: Assets/MaderaBanco.mat
  artifactKey: Guid(58ee6729f8971754a9e60a353cebc8e3) Importer(815301076,1909f56bfc062723c751e8b465ee728b)
Start importing Assets/MaderaBanco.mat using Guid(58ee6729f8971754a9e60a353cebc8e3) Importer(815301076,1909f56bfc062723c751e8b465ee728b)  -> (artifact id: '3387385e7a16499974f3718ff23e5e84') in 0.013377 seconds
  Import took 0.016913 seconds .

========================================================================
Received Prepare
Registering precompiled user dll's ...
Registered in 0.000766 seconds.
Begin MonoManager ReloadAssembly
Native extension for WindowsStandalone target not found
Refreshing native plugins compatible for Editor in 0.21 ms, found 0 plugins.
Preloading 0 native plugins for Editor in 0.00 ms.
Mono: successfully reloaded assembly
- Completed reload, in  0.734 seconds
Platform modules already initialized, skipping
Refreshing native plugins compatible for Editor in 0.22 ms, found 0 plugins.
Preloading 0 native plugins for Editor in 0.00 ms.
Unloading 1230 Unused Serialized files (Serialized files now loaded: 0)
System memory in use before: 68.2 MB.
System memory in use after: 66.3 MB.

Unloading 32 unused Assets to reduce memory usage. Loaded Objects now: 1708.
Total: 2.295700 ms (FindLiveObjects: 0.137400 ms CreateObjectMapping: 0.032500 ms MarkObjects: 1.527000 ms  DeleteObjects: 0.597900 ms)

========================================================================
Received Prepare
Registering precompiled user dll's ...
Registered in 0.000793 seconds.
Begin MonoManager ReloadAssembly
Native extension for WindowsStandalone target not found
Refreshing native plugins compatible for Editor in 0.34 ms, found 0 plugins.
Preloading 0 native plugins for Editor in 0.00 ms.
Mono: successfully reloaded assembly
- Completed reload, in  0.907 seconds
Platform modules already initialized, skipping
Refreshing native plugins compatible for Editor in 0.28 ms, found 0 plugins.
Preloading 0 native plugins for Editor in 0.00 ms.
Unloading 1230 Unused Serialized files (Serialized files now loaded: 0)
System memory in use before: 68.2 MB.
System memory in use after: 66.3 MB.

Unloading 32 unused Assets to reduce memory usage. Loaded Objects now: 1711.
Total: 4.217300 ms (FindLiveObjects: 1.147000 ms CreateObjectMapping: 0.188700 ms MarkObjects: 2.034100 ms  DeleteObjects: 0.844000 ms)

========================================================================
Received Import Request.
  Time since last request: 204.120886 seconds.
  path: Assets/Coche.controller
  artifactKey: Guid(a1fea7892644ec847bf60b5707cf4d0b) Importer(815301076,1909f56bfc062723c751e8b465ee728b)
Start importing Assets/Coche.controller using Guid(a1fea7892644ec847bf60b5707cf4d0b) Importer(815301076,1909f56bfc062723c751e8b465ee728b)  -> (artifact id: '44aba5554b4439e7864c390b4f682f2f') in 0.036665 seconds
  Import took 0.039534 seconds .

========================================================================
Received Import Request.
  Time since last request: 3.412472 seconds.
  path: Assets/Scenes
  artifactKey: Guid(241cc46457960324a915b7d7a946f5d1) Importer(815301076,1909f56bfc062723c751e8b465ee728b)
Start importing Assets/Scenes using Guid(241cc46457960324a915b7d7a946f5d1) Importer(815301076,1909f56bfc062723c751e8b465ee728b)  -> (artifact id: '3d8037b51715f73b786f8f8656a56294') in 0.006310 seconds
  Import took 0.008262 seconds .

========================================================================
Received Import Request.
  Time since last request: 0.003272 seconds.
  path: Assets/Scenes
  artifactKey: Guid(241cc46457960324a915b7d7a946f5d1) Importer(815301076,1909f56bfc062723c751e8b465ee728b)
Start importing Assets/Scenes using Guid(241cc46457960324a915b7d7a946f5d1) Importer(815301076,1909f56bfc062723c751e8b465ee728b)  -> (artifact id: '3d8037b51715f73b786f8f8656a56294') in 0.001724 seconds
  Import took 0.004404 seconds .

========================================================================
Received Prepare
Registering precompiled user dll's ...
Registered in 0.000777 seconds.
Begin MonoManager ReloadAssembly
Native extension for WindowsStandalone target not found
Refreshing native plugins compatible for Editor in 0.22 ms, found 0 plugins.
Preloading 0 native plugins for Editor in 0.00 ms.
Mono: successfully reloaded assembly
- Completed reload, in  0.703 seconds
Platform modules already initialized, skipping
Refreshing native plugins compatible for Editor in 0.23 ms, found 0 plugins.
Preloading 0 native plugins for Editor in 0.00 ms.
Unloading 1230 Unused Serialized files (Serialized files now loaded: 0)
System memory in use before: 68.2 MB.
System memory in use after: 66.3 MB.

Unloading 32 unused Assets to reduce memory usage. Loaded Objects now: 1714.
Total: 2.468100 ms (FindLiveObjects: 0.138400 ms CreateObjectMapping: 0.031600 ms MarkObjects: 1.520600 ms  DeleteObjects: 0.776700 ms)

========================================================================
Received Prepare
Registering precompiled user dll's ...
Registered in 0.000736 seconds.
Begin MonoManager ReloadAssembly
Native extension for WindowsStandalone target not found
Refreshing native plugins compatible for Editor in 0.26 ms, found 0 plugins.
Preloading 0 native plugins for Editor in 0.00 ms.
Mono: successfully reloaded assembly
- Completed reload, in  0.830 seconds
Platform modules already initialized, skipping
Refreshing native plugins compatible for Editor in 0.35 ms, found 0 plugins.
Preloading 0 native plugins for Editor in 0.00 ms.
Unloading 1230 Unused Serialized files (Serialized files now loaded: 0)
System memory in use before: 68.3 MB.
System memory in use after: 66.3 MB.

Unloading 32 unused Assets to reduce memory usage. Loaded Objects now: 1717.
Total: 2.815300 ms (FindLiveObjects: 0.179500 ms CreateObjectMapping: 0.044300 ms MarkObjects: 1.749300 ms  DeleteObjects: 0.840900 ms)

========================================================================
Received Import Request.
  Time since last request: 491.473971 seconds.
  path: Assets/Buttons.mat
  artifactKey: Guid(10c7cc64ab3d6e841806ba5829aa4a85) Importer(815301076,1909f56bfc062723c751e8b465ee728b)
Start importing Assets/Buttons.mat using Guid(10c7cc64ab3d6e841806ba5829aa4a85) Importer(815301076,1909f56bfc062723c751e8b465ee728b)  -> (artifact id: '0e60ac56e41824793f423948cec79577') in 0.059781 seconds
  Import took 0.062729 seconds .

========================================================================
Received Import Request.
  Time since last request: 314.879830 seconds.
  path: Assets/Buttons.mat
  artifactKey: Guid(10c7cc64ab3d6e841806ba5829aa4a85) Importer(815301076,1909f56bfc062723c751e8b465ee728b)
Start importing Assets/Buttons.mat using Guid(10c7cc64ab3d6e841806ba5829aa4a85) Importer(815301076,1909f56bfc062723c751e8b465ee728b)  -> (artifact id: 'f66283e70094606f2f1925893fa4f392') in 0.013013 seconds
  Import took 0.015439 seconds .

========================================================================
Received Import Request.
  Time since last request: 0.000238 seconds.
  path: Assets/Ventanas.mat
  artifactKey: Guid(539f7ffe9f64b184da063bb2a5ae3e59) Importer(815301076,1909f56bfc062723c751e8b465ee728b)
Start importing Assets/Ventanas.mat using Guid(539f7ffe9f64b184da063bb2a5ae3e59) Importer(815301076,1909f56bfc062723c751e8b465ee728b)  -> (artifact id: '0f624d077d120be94f302887326feee5') in 0.016581 seconds
  Import took 0.018893 seconds .

========================================================================
Received Prepare
Registering precompiled user dll's ...
Registered in 0.000540 seconds.
Begin MonoManager ReloadAssembly
Native extension for WindowsStandalone target not found
Refreshing native plugins compatible for Editor in 0.21 ms, found 0 plugins.
Preloading 0 native plugins for Editor in 0.00 ms.
Mono: successfully reloaded assembly
- Completed reload, in  0.711 seconds
Platform modules already initialized, skipping
Refreshing native plugins compatible for Editor in 0.35 ms, found 0 plugins.
Preloading 0 native plugins for Editor in 0.00 ms.
Unloading 1230 Unused Serialized files (Serialized files now loaded: 0)
System memory in use before: 68.3 MB.
System memory in use after: 66.3 MB.

Unloading 32 unused Assets to reduce memory usage. Loaded Objects now: 1721.
Total: 2.169900 ms (FindLiveObjects: 0.135100 ms CreateObjectMapping: 0.031700 ms MarkObjects: 1.389500 ms  DeleteObjects: 0.612800 ms)

AssetImportWorkerClient::OnTransportError - code=2 error=End of file
